#
# There is insufficient memory for the Java Runtime Environment to continue.
# Native memory allocation (malloc) failed to allocate 307376 bytes for Chunk::new
# Possible reasons:
#   The system is out of physical RAM or swap space
#   The process is running with CompressedOops enabled, and the Java Heap may be blocking the growth of the native heap
# Possible solutions:
#   Reduce memory load on the system
#   Increase physical memory or swap space
#   Check if swap backing store is full
#   Decrease Java heap size (-Xmx/-Xms)
#   Decrease number of Java threads
#   Decrease Java thread stack sizes (-Xss)
#   Set larger code cache with -XX:ReservedCodeCacheSize=
#   JVM is running with Unscaled Compressed Oops mode in which the Java heap is
#     placed in the first 4GB address space. The Java Heap base address is the
#     maximum limit for the native heap growth. Please use -XX:HeapBaseMinAddress
#     to set the Java Heap base and to place the Java Heap above 4GB virtual address.
# This output file may be truncated or incomplete.
#
#  Out of Memory Error (arena.cpp:189), pid=8856, tid=13744
#
# JRE version: OpenJDK Runtime Environment Temurin-17.0.4.1+1 (17.0.4.1+1) (build 17.0.4.1+1)
# Java VM: OpenJDK 64-Bit Server VM Temurin-17.0.4.1+1 (17.0.4.1+1, mixed mode, tiered, compressed oops, compressed class ptrs, parallel gc, windows-amd64)
# No core dump will be written. Minidumps are not enabled by default on client versions of Windows
#

---------------  S U M M A R Y ------------

Command Line: --add-modules=ALL-SYSTEM --add-opens=java.base/java.util=ALL-UNNAMED --add-opens=java.base/java.lang=ALL-UNNAMED --add-opens=java.base/sun.nio.fs=ALL-UNNAMED -Declipse.application=org.eclipse.jdt.ls.core.id1 -Dosgi.bundles.defaultStartLevel=4 -Declipse.product=org.eclipse.jdt.ls.core.product -Djava.import.generatesMetadataFilesAtProjectRoot=false -Dfile.encoding=utf8 -DwatchParentProcess=false -XX:+UseParallelGC -XX:GCTimeRatio=4 -XX:AdaptiveSizePolicyWeight=90 -Dsun.zip.disableMemoryMapping=true -Xmx1G -Xms100m -Xlog:disable -javaagent:c:\Users\user\.vscode\extensions\redhat.java-1.11.0-win32-x64\lombok\lombok-1.18.24.jar c:\Users\user\.vscode\extensions\redhat.java-1.11.0-win32-x64\server\plugins\org.eclipse.equinox.launcher_1.6.400.v20210924-0641.jar -configuration c:\Users\user\AppData\Roaming\Code\User\globalStorage\redhat.java\1.11.0\config_ss_win -data c:\Users\user\AppData\Roaming\Code\User\workspaceStorage\9790c16ee2546c27d83f4d82dc65016d\redhat.java\ss_ws

Host: Intel(R) Core(TM) i5-6200U CPU @ 2.30GHz, 4 cores, 31G,  Windows 10 , 64 bit Build 19041 (10.0.19041.1889)
Time: Fri Sep 30 19:51:40 2022 Eastern Daylight Time elapsed time: 2.641201 seconds (0d 0h 0m 2s)

---------------  T H R E A D  ---------------

Current thread (0x000002a452440020):  JavaThread "C2 CompilerThread0" daemon [_thread_in_native, id=13744, stack(0x000000cf9aa00000,0x000000cf9ab00000)]


Current CompileTask:
C2:   2641 1042       4       java.io.DataInputStream::readUTF (501 bytes)

Stack: [0x000000cf9aa00000,0x000000cf9ab00000]
Native frames: (J=compiled Java code, j=interpreted, Vv=VM code, C=native code)
V  [jvm.dll+0x67731a]
V  [jvm.dll+0x832284]
V  [jvm.dll+0x833a2e]
V  [jvm.dll+0x834093]
V  [jvm.dll+0x245775]
V  [jvm.dll+0xabd7b]
V  [jvm.dll+0xac30c]
V  [jvm.dll+0x363a42]
V  [jvm.dll+0x32e011]
V  [jvm.dll+0x32d4ba]
V  [jvm.dll+0x218681]
V  [jvm.dll+0x217aa1]
V  [jvm.dll+0x1a3f8d]
V  [jvm.dll+0x227498]
V  [jvm.dll+0x2255e5]
V  [jvm.dll+0x7e7e9b]
V  [jvm.dll+0x7e240a]
V  [jvm.dll+0x6761a5]
C  [ucrtbase.dll+0x21bb2]
C  [KERNEL32.DLL+0x17034]
C  [ntdll.dll+0x526a1]


---------------  P R O C E S S  ---------------

Threads class SMR info:
_java_thread_list=0x000002a454045bc0, length=12, elements={
0x000002a43e5ee490, 0x000002a452410b60, 0x000002a452411710, 0x000002a452439160,
0x000002a452439d10, 0x000002a45243a8c0, 0x000002a45243d280, 0x000002a452440020,
0x000002a452441ad0, 0x000002a453dc8070, 0x000002a453e74790, 0x000002a454061ae0
}

Java Threads: ( => current thread )
  0x000002a43e5ee490 JavaThread "main" [_thread_in_vm, id=9016, stack(0x000000cf9a100000,0x000000cf9a200000)]
  0x000002a452410b60 JavaThread "Reference Handler" daemon [_thread_blocked, id=16544, stack(0x000000cf9a400000,0x000000cf9a500000)]
  0x000002a452411710 JavaThread "Finalizer" daemon [_thread_blocked, id=9716, stack(0x000000cf9a500000,0x000000cf9a600000)]
  0x000002a452439160 JavaThread "Signal Dispatcher" daemon [_thread_blocked, id=15080, stack(0x000000cf9a600000,0x000000cf9a700000)]
  0x000002a452439d10 JavaThread "Attach Listener" daemon [_thread_blocked, id=508, stack(0x000000cf9a700000,0x000000cf9a800000)]
  0x000002a45243a8c0 JavaThread "Service Thread" daemon [_thread_blocked, id=4120, stack(0x000000cf9a800000,0x000000cf9a900000)]
  0x000002a45243d280 JavaThread "Monitor Deflation Thread" daemon [_thread_blocked, id=936, stack(0x000000cf9a900000,0x000000cf9aa00000)]
=>0x000002a452440020 JavaThread "C2 CompilerThread0" daemon [_thread_in_native, id=13744, stack(0x000000cf9aa00000,0x000000cf9ab00000)]
  0x000002a452441ad0 JavaThread "C1 CompilerThread0" daemon [_thread_blocked, id=8380, stack(0x000000cf9ab00000,0x000000cf9ac00000)]
  0x000002a453dc8070 JavaThread "Sweeper thread" daemon [_thread_blocked, id=2164, stack(0x000000cf9ac00000,0x000000cf9ad00000)]
  0x000002a453e74790 JavaThread "Common-Cleaner" daemon [_thread_blocked, id=5532, stack(0x000000cf9ad00000,0x000000cf9ae00000)]
  0x000002a454061ae0 JavaThread "Notification Thread" daemon [_thread_blocked, id=16216, stack(0x000000cf9ae00000,0x000000cf9af00000)]

Other Threads:
  0x000002a4523f8090 VMThread "VM Thread" [stack: 0x000000cf9a300000,0x000000cf9a400000] [id=15620]
  0x000002a45403ebf0 WatcherThread [stack: 0x000000cf9af00000,0x000000cf9b000000] [id=9152]
  0x000002a43e603e50 GCTaskThread "GC Thread#0" [stack: 0x000000cf9a200000,0x000000cf9a300000] [id=6200]
  0x000002a454517080 GCTaskThread "GC Thread#1" [stack: 0x000000cf9b000000,0x000000cf9b100000] [id=7512]
  0x000002a4543935b0 GCTaskThread "GC Thread#2" [stack: 0x000000cf9b100000,0x000000cf9b200000] [id=10588]
  0x000002a4544f96f0 GCTaskThread "GC Thread#3" [stack: 0x000000cf9b200000,0x000000cf9b300000] [id=9592]

Threads with active compile tasks:
C2 CompilerThread0     2695 1042       4       java.io.DataInputStream::readUTF (501 bytes)

VM state: not at safepoint (normal execution)

VM Mutex/Monitor currently owned by a thread:  ([mutex/lock_event])
[0x000002a43e5e7d90] Metaspace_lock - owner thread: 0x000002a43e5ee490

Heap address: 0x00000000c0000000, size: 1024 MB, Compressed Oops mode: 32-bit

CDS archive(s) not mapped
Compressed class space mapped at: 0x0000000100000000-0x0000000140000000, reserved size: 1073741824
Narrow klass base: 0x0000000000000000, Narrow klass shift: 3, Narrow klass range: 0x140000000

GC Precious Log:
 CPUs: 4 total, 4 available
 Memory: 32659M
 Large Page Support: Disabled
 NUMA Support: Disabled
 Compressed Oops: Enabled (32-bit)
 Alignments: Space 512K, Generation 512K, Heap 2M
 Heap Min Capacity: 100M
 Heap Initial Capacity: 100M
 Heap Max Capacity: 1G
 Pre-touch: Disabled
 Parallel Workers: 4

Heap:
 PSYoungGen      total 29696K, used 6614K [0x00000000eab00000, 0x00000000ecc00000, 0x0000000100000000)
  eden space 25600K, 13% used [0x00000000eab00000,0x00000000eae4f868,0x00000000ec400000)
  from space 4096K, 78% used [0x00000000ec400000,0x00000000ec726218,0x00000000ec800000)
  to   space 4096K, 0% used [0x00000000ec800000,0x00000000ec800000,0x00000000ecc00000)
 ParOldGen       total 68608K, used 0K [0x00000000c0000000, 0x00000000c4300000, 0x00000000eab00000)
  object space 68608K, 0% used [0x00000000c0000000,0x00000000c0000000,0x00000000c4300000)
 Metaspace       used 11404K, committed 11584K, reserved 1064960K
  class space    used 1129K, committed 1216K, reserved 1048576K

Card table byte_map: [0x000002a43dfc0000,0x000002a43e1d0000] _byte_map_base: 0x000002a43d9c0000

Marking Bits: (ParMarkBitMap*) 0x00007ffd48b42cc0
 Begin Bits: [0x000002a450290000, 0x000002a451290000)
 End Bits:   [0x000002a451290000, 0x000002a452290000)

Polling page: 0x000002a43c600000

Metaspace:

Usage:
  Non-class:     10.03 MB used.
      Class:      1.10 MB used.
       Both:     11.14 MB used.

Virtual space:
  Non-class space:       16.00 MB reserved,      10.12 MB ( 63%) committed,  2 nodes.
      Class space:        1.00 GB reserved,       1.19 MB ( <1%) committed,  1 nodes.
             Both:        1.02 GB reserved,      11.31 MB (  1%) committed. 

Chunk freelists:
   Non-Class:  1.55 MB
       Class:  2.64 MB
        Both:  4.19 MB

MaxMetaspaceSize: unlimited
CompressedClassSpaceSize: 1.00 GB
Initial GC threshold: 21.00 MB
Current GC threshold: 21.00 MB
CDS: off
MetaspaceReclaimPolicy: balanced
 - commit_granule_bytes: 65536.
 - commit_granule_words: 8192.
 - virtual_space_node_default_size: 1048576.
 - enlarge_chunks_in_place: 1.
 - new_chunks_are_fully_committed: 0.
 - uncommit_free_chunks: 1.
 - use_allocation_guard: 0.
 - handle_deallocations: 1.


Internal statistics:

num_allocs_failed_limit: 0.
num_arena_births: 32.
num_arena_deaths: 0.
num_vsnodes_births: 3.
num_vsnodes_deaths: 0.
num_space_committed: 181.
num_space_uncommitted: 0.
num_chunks_returned_to_freelist: 0.
num_chunks_taken_from_freelist: 127.
num_chunk_merges: 0.
num_chunk_splits: 90.
num_chunks_enlarged: 78.
num_purges: 0.
num_inconsistent_stats: 0.

CodeHeap 'non-profiled nmethods': size=120000Kb used=364Kb max_used=364Kb free=119635Kb
 bounds [0x000002a448d60000, 0x000002a448fd0000, 0x000002a450290000]
CodeHeap 'profiled nmethods': size=120000Kb used=1890Kb max_used=1890Kb free=118109Kb
 bounds [0x000002a441830000, 0x000002a441aa0000, 0x000002a448d60000]
CodeHeap 'non-nmethods': size=5760Kb used=1140Kb max_used=1161Kb free=4619Kb
 bounds [0x000002a441290000, 0x000002a441500000, 0x000002a441830000]
 total_blobs=1488 nmethods=1058 adapters=345
 compilation: enabled
              stopped_count=0, restarted_count=0
 full_count=0

Compilation events (20 events):
Event: 2.610 Thread 0x000002a452441ad0 nmethod 1051 0x000002a4419fcd90 code [0x000002a4419fd0a0, 0x000002a4419fdf88]
Event: 2.610 Thread 0x000002a452441ad0 1052       3       org.eclipse.osgi.container.ModuleDatabase$Persistence::readListValue (97 bytes)
Event: 2.610 Thread 0x000002a452441ad0 nmethod 1052 0x000002a4419fe610 code [0x000002a4419fe8a0, 0x000002a4419ff1c8]
Event: 2.611 Thread 0x000002a452441ad0 1054       3       org.eclipse.osgi.container.ModuleDatabase$Persistence::readList (78 bytes)
Event: 2.612 Thread 0x000002a452441ad0 nmethod 1054 0x000002a4419ff590 code [0x000002a4419ff820, 0x000002a441a00438]
Event: 2.612 Thread 0x000002a452441ad0 1057       3       java.lang.invoke.VarHandleGuards::guard_LII_V (137 bytes)
Event: 2.615 Thread 0x000002a452441ad0 nmethod 1057 0x000002a441a00990 code [0x000002a441a00da0, 0x000002a441a03498]
Event: 2.615 Thread 0x000002a452441ad0 1056       3       sun.net.www.protocol.jar.Handler::checkNestedProtocol (18 bytes)
Event: 2.616 Thread 0x000002a452441ad0 nmethod 1056 0x000002a441a04090 code [0x000002a441a04240, 0x000002a441a04428]
Event: 2.634 Thread 0x000002a452441ad0 1058       3       org.eclipse.osgi.container.ModuleRevisionBuilder::unmodifiableMap (86 bytes)
Event: 2.635 Thread 0x000002a452441ad0 nmethod 1058 0x000002a441a04510 code [0x000002a441a047a0, 0x000002a441a05508]
Event: 2.635 Thread 0x000002a452441ad0 1059       1       org.eclipse.osgi.container.ModuleRevisionBuilder$GenericInfo::getNamespace (5 bytes)
Event: 2.636 Thread 0x000002a452441ad0 nmethod 1059 0x000002a448dba790 code [0x000002a448dba920, 0x000002a448dba9f8]
Event: 2.636 Thread 0x000002a452441ad0 1060       3       java.util.Collections::emptyMap (4 bytes)
Event: 2.636 Thread 0x000002a452441ad0 nmethod 1060 0x000002a441a05890 code [0x000002a441a05a20, 0x000002a441a05b18]
Event: 2.636 Thread 0x000002a452441ad0 1061       1       java.util.Collections$EmptyMap::size (2 bytes)
Event: 2.636 Thread 0x000002a452441ad0 nmethod 1061 0x000002a448dbaa90 code [0x000002a448dbac20, 0x000002a448dbacf8]
Event: 2.636 Thread 0x000002a452441ad0 1062       3       sun.net.www.protocol.jar.Handler::parseURL (173 bytes)
Event: 2.638 Thread 0x000002a452441ad0 nmethod 1062 0x000002a441a05b90 code [0x000002a441a05e40, 0x000002a441a069d8]
Event: 2.638 Thread 0x000002a452441ad0 1063       3       sun.net.www.protocol.jar.Handler::indexOfBangSlash (52 bytes)

GC Heap History (2 events):
Event: 2.486 GC heap before
{Heap before GC invocations=1 (full 0):
 PSYoungGen      total 29696K, used 25600K [0x00000000eab00000, 0x00000000ecc00000, 0x0000000100000000)
  eden space 25600K, 100% used [0x00000000eab00000,0x00000000ec400000,0x00000000ec400000)
  from space 4096K, 0% used [0x00000000ec800000,0x00000000ec800000,0x00000000ecc00000)
  to   space 4096K, 0% used [0x00000000ec400000,0x00000000ec400000,0x00000000ec800000)
 ParOldGen       total 68608K, used 0K [0x00000000c0000000, 0x00000000c4300000, 0x00000000eab00000)
  object space 68608K, 0% used [0x00000000c0000000,0x00000000c0000000,0x00000000c4300000)
 Metaspace       used 10817K, committed 10944K, reserved 1064960K
  class space    used 1087K, committed 1152K, reserved 1048576K
}
Event: 2.534 GC heap after
{Heap after GC invocations=1 (full 0):
 PSYoungGen      total 29696K, used 3224K [0x00000000eab00000, 0x00000000ecc00000, 0x0000000100000000)
  eden space 25600K, 0% used [0x00000000eab00000,0x00000000eab00000,0x00000000ec400000)
  from space 4096K, 78% used [0x00000000ec400000,0x00000000ec726218,0x00000000ec800000)
  to   space 4096K, 0% used [0x00000000ec800000,0x00000000ec800000,0x00000000ecc00000)
 ParOldGen       total 68608K, used 0K [0x00000000c0000000, 0x00000000c4300000, 0x00000000eab00000)
  object space 68608K, 0% used [0x00000000c0000000,0x00000000c0000000,0x00000000c4300000)
 Metaspace       used 10817K, committed 10944K, reserved 1064960K
  class space    used 1087K, committed 1152K, reserved 1048576K
}

Deoptimization events (20 events):
Event: 2.259 Thread 0x000002a43e5ee490 DEOPT PACKING pc=0x000002a448d844b4 sp=0x000000cf9a1fe4c0
Event: 2.259 Thread 0x000002a43e5ee490 DEOPT UNPACKING pc=0x000002a4412e20a3 sp=0x000000cf9a1fe470 mode 2
Event: 2.265 Thread 0x000002a43e5ee490 Uncommon trap: trap_request=0xffffff45 fr.pc=0x000002a448dabe84 relative=0x0000000000000ac4
Event: 2.266 Thread 0x000002a43e5ee490 Uncommon trap: reason=unstable_if action=reinterpret pc=0x000002a448dabe84 method=java.util.HashMap.hash(Ljava/lang/Object;)I @ 1 c2
Event: 2.266 Thread 0x000002a43e5ee490 DEOPT PACKING pc=0x000002a448dabe84 sp=0x000000cf9a1fe4b0
Event: 2.266 Thread 0x000002a43e5ee490 DEOPT UNPACKING pc=0x000002a4412e20a3 sp=0x000000cf9a1fe420 mode 2
Event: 2.266 Thread 0x000002a43e5ee490 Uncommon trap: trap_request=0xffffff45 fr.pc=0x000002a448daa56c relative=0x000000000000024c
Event: 2.266 Thread 0x000002a43e5ee490 Uncommon trap: reason=unstable_if action=reinterpret pc=0x000002a448daa56c method=java.util.HashMap.hash(Ljava/lang/Object;)I @ 1 c2
Event: 2.266 Thread 0x000002a43e5ee490 DEOPT PACKING pc=0x000002a448daa56c sp=0x000000cf9a1fe3e0
Event: 2.266 Thread 0x000002a43e5ee490 DEOPT UNPACKING pc=0x000002a4412e20a3 sp=0x000000cf9a1fe278 mode 2
Event: 2.266 Thread 0x000002a43e5ee490 Uncommon trap: trap_request=0xffffff45 fr.pc=0x000002a448da97ec relative=0x000000000000024c
Event: 2.266 Thread 0x000002a43e5ee490 Uncommon trap: reason=unstable_if action=reinterpret pc=0x000002a448da97ec method=java.util.HashMap.hash(Ljava/lang/Object;)I @ 1 c2
Event: 2.266 Thread 0x000002a43e5ee490 DEOPT PACKING pc=0x000002a448da97ec sp=0x000000cf9a1fe480
Event: 2.266 Thread 0x000002a43e5ee490 DEOPT UNPACKING pc=0x000002a4412e20a3 sp=0x000000cf9a1fe388 mode 2
Event: 2.266 Thread 0x000002a43e5ee490 Uncommon trap: trap_request=0xffffff45 fr.pc=0x000002a448d95b18 relative=0x0000000000000098
Event: 2.266 Thread 0x000002a43e5ee490 Uncommon trap: reason=unstable_if action=reinterpret pc=0x000002a448d95b18 method=java.util.HashMap.hash(Ljava/lang/Object;)I @ 1 c2
Event: 2.266 Thread 0x000002a43e5ee490 DEOPT PACKING pc=0x000002a448d95b18 sp=0x000000cf9a1fe2e0
Event: 2.266 Thread 0x000002a43e5ee490 DEOPT UNPACKING pc=0x000002a4412e20a3 sp=0x000000cf9a1fe278 mode 2
Event: 2.452 Thread 0x000002a43e5ee490 DEOPT PACKING pc=0x000002a441879852 sp=0x000000cf9a1f9dc0
Event: 2.452 Thread 0x000002a43e5ee490 DEOPT UNPACKING pc=0x000002a4412e2843 sp=0x000000cf9a1f9220 mode 0

Classes unloaded (0 events):
No events

Classes redefined (0 events):
No events

Internal exceptions (20 events):
Event: 1.595 Thread 0x000002a43e5ee490 Exception <a 'java/io/FileNotFoundException'{0x00000000eb732bd8}> (0x00000000eb732bd8) 
thrown [s\src\hotspot\share\prims\jni.cpp, line 516]
Event: 1.596 Thread 0x000002a43e5ee490 Exception <a 'java/io/FileNotFoundException'{0x00000000eb7338c8}> (0x00000000eb7338c8) 
thrown [s\src\hotspot\share\prims\jni.cpp, line 516]
Event: 1.601 Thread 0x000002a43e5ee490 Exception <a 'java/io/FileNotFoundException'{0x00000000eb734588}> (0x00000000eb734588) 
thrown [s\src\hotspot\share\prims\jni.cpp, line 516]
Event: 1.612 Thread 0x000002a43e5ee490 Implicit null exception at 0x000002a448d81cf2 to 0x000002a448d82240
Event: 1.618 Thread 0x000002a43e5ee490 Exception <a 'java/io/FileNotFoundException'{0x00000000eb7750a0}> (0x00000000eb7750a0) 
thrown [s\src\hotspot\share\prims\jni.cpp, line 516]
Event: 2.155 Thread 0x000002a43e5ee490 Exception <a 'java/lang/ClassNotFoundException'{0x00000000ebf6e9e0}: sun/net/www/protocol/c/Handler> (0x00000000ebf6e9e0) 
thrown [s\src\hotspot\share\classfile\systemDictionary.cpp, line 256]
Event: 2.156 Thread 0x000002a43e5ee490 Exception <a 'java/lang/ClassNotFoundException'{0x00000000ebf6fd40}: sun/net/www/protocol/c/Handler> (0x00000000ebf6fd40) 
thrown [s\src\hotspot\share\classfile\systemDictionary.cpp, line 256]
Event: 2.156 Thread 0x000002a43e5ee490 Exception <a 'java/lang/ClassNotFoundException'{0x00000000ebf70ee0}: sun/net/www/protocol/c/Handler> (0x00000000ebf70ee0) 
thrown [s\src\hotspot\share\classfile\systemDictionary.cpp, line 256]
Event: 2.183 Thread 0x000002a43e5ee490 Exception <a 'java/io/FileNotFoundException'{0x00000000ebf8fc38}> (0x00000000ebf8fc38) 
thrown [s\src\hotspot\share\prims\jni.cpp, line 516]
Event: 2.265 Thread 0x000002a43e5ee490 Implicit null exception at 0x000002a448dab400 to 0x000002a448dabe6c
Event: 2.266 Thread 0x000002a43e5ee490 Implicit null exception at 0x000002a448daa36c to 0x000002a448daa554
Event: 2.266 Thread 0x000002a43e5ee490 Implicit null exception at 0x000002a448da95ec to 0x000002a448da97d4
Event: 2.266 Thread 0x000002a43e5ee490 Implicit null exception at 0x000002a448d95a8f to 0x000002a448d95b09
Event: 2.372 Thread 0x000002a43e5ee490 Exception <a 'java/lang/NoSuchMethodError'{0x00000000ec25afd8}: 'int java.lang.invoke.DirectMethodHandle$Holder.invokeStaticInit(java.lang.Object, java.lang.Object, java.lang.Object, java.lang.Object)'> (0x00000000ec25afd8) 
thrown [s\src\hotspot\share\interpreter\linkResolver.cpp, line 759]
Event: 2.374 Thread 0x000002a43e5ee490 Exception <a 'java/lang/NoSuchMethodError'{0x00000000ec265648}: 'java.lang.Object java.lang.invoke.DirectMethodHandle$Holder.invokeInterface(java.lang.Object, java.lang.Object)'> (0x00000000ec265648) 
thrown [s\src\hotspot\share\interpreter\linkResolver.cpp, line 759]
Event: 2.375 Thread 0x000002a43e5ee490 Exception <a 'java/lang/IncompatibleClassChangeError'{0x00000000ec268e40}: Found class java.lang.Object, but interface was expected> (0x00000000ec268e40) 
thrown [s\src\hotspot\share\interpreter\linkResolver.cpp, line 826]
Event: 2.383 Thread 0x000002a43e5ee490 Exception <a 'java/lang/NoSuchMethodError'{0x00000000ec26d338}: 'void java.lang.invoke.DirectMethodHandle$Holder.invokeStatic(java.lang.Object, java.lang.Object)'> (0x00000000ec26d338) 
thrown [s\src\hotspot\share\interpreter\linkResolver.cpp, line 759]
Event: 2.384 Thread 0x000002a43e5ee490 Exception <a 'java/lang/NoSuchMethodError'{0x00000000ec270b38}: 'void java.lang.invoke.DirectMethodHandle$Holder.invokeStaticInit(java.lang.Object, java.lang.Object)'> (0x00000000ec270b38) 
thrown [s\src\hotspot\share\interpreter\linkResolver.cpp, line 759]
Event: 2.386 Thread 0x000002a43e5ee490 Exception <a 'java/lang/NoSuchMethodError'{0x00000000ec277ec0}: 'int java.lang.invoke.DirectMethodHandle$Holder.invokeStaticInit(java.lang.Object, java.lang.Object)'> (0x00000000ec277ec0) 
thrown [s\src\hotspot\share\interpreter\linkResolver.cpp, line 759]
Event: 2.460 Thread 0x000002a43e5ee490 Exception <a 'java/lang/NoSuchMethodError'{0x00000000ec39d988}: 'void java.lang.invoke.DirectMethodHandle$Holder.invokeSpecial(java.lang.Object, java.lang.Object, java.lang.Object)'> (0x00000000ec39d988) 
thrown [s\src\hotspot\share\interpreter\linkResolver.cpp, line 759]

VM Operations (14 events):
Event: 0.608 Executing VM operation: HandshakeAllThreads
Event: 0.608 Executing VM operation: HandshakeAllThreads done
Event: 0.826 Executing VM operation: HandshakeAllThreads
Event: 0.826 Executing VM operation: HandshakeAllThreads done
Event: 1.544 Executing VM operation: HandshakeAllThreads
Event: 1.544 Executing VM operation: HandshakeAllThreads done
Event: 1.544 Executing VM operation: Cleanup
Event: 1.544 Executing VM operation: Cleanup done
Event: 1.565 Executing VM operation: HandshakeAllThreads
Event: 1.565 Executing VM operation: HandshakeAllThreads done
Event: 2.126 Executing VM operation: HandshakeAllThreads
Event: 2.126 Executing VM operation: HandshakeAllThreads done
Event: 2.486 Executing VM operation: ParallelGCFailedAllocation
Event: 2.534 Executing VM operation: ParallelGCFailedAllocation done

Events (20 events):
Event: 2.553 loading class java/util/concurrent/SynchronousQueue$TransferStack
Event: 2.554 loading class java/util/concurrent/SynchronousQueue$Transferer
Event: 2.554 loading class java/util/concurrent/SynchronousQueue$Transferer done
Event: 2.554 loading class java/util/concurrent/SynchronousQueue$TransferStack done
Event: 2.554 loading class java/util/concurrent/SynchronousQueue$TransferStack$SNode
Event: 2.554 loading class java/util/concurrent/ForkJoinPool$ManagedBlocker
Event: 2.554 loading class java/util/concurrent/ForkJoinPool$ManagedBlocker done
Event: 2.555 loading class java/util/concurrent/SynchronousQueue$TransferStack$SNode done
Event: 2.556 loading class java/util/concurrent/RejectedExecutionHandler
Event: 2.556 loading class java/util/concurrent/RejectedExecutionHandler done
Event: 2.556 loading class java/util/concurrent/LinkedBlockingQueue
Event: 2.557 loading class java/util/concurrent/LinkedBlockingQueue done
Event: 2.557 loading class java/util/concurrent/LinkedBlockingQueue$Node
Event: 2.557 loading class java/util/concurrent/LinkedBlockingQueue$Node done
Event: 2.565 loading class java/util/regex/CharPredicates
Event: 2.566 loading class java/util/regex/CharPredicates done
Event: 2.589 loading class java/util/concurrent/Semaphore$NonfairSync
Event: 2.589 loading class java/util/concurrent/Semaphore$Sync
Event: 2.589 loading class java/util/concurrent/Semaphore$Sync done
Event: 2.589 loading class java/util/concurrent/Semaphore$NonfairSync done


Dynamic libraries:
0x00007ff6b3830000 - 0x00007ff6b383e000 	c:\Users\user\.vscode\extensions\redhat.java-1.11.0-win32-x64\jre\17.0.4.1-win32-x86_64\bin\java.exe
0x00007ffd7dd10000 - 0x00007ffd7df08000 	C:\WINDOWS\SYSTEM32\ntdll.dll
0x00007ffd7c560000 - 0x00007ffd7c61d000 	C:\WINDOWS\System32\KERNEL32.DLL
0x00007ffd7ba00000 - 0x00007ffd7bcce000 	C:\WINDOWS\System32\KERNELBASE.dll
0x00007ffd7b690000 - 0x00007ffd7b790000 	C:\WINDOWS\System32\ucrtbase.dll
0x00007ffd76a20000 - 0x00007ffd76a38000 	c:\Users\user\.vscode\extensions\redhat.java-1.11.0-win32-x64\jre\17.0.4.1-win32-x86_64\bin\jli.dll
0x00007ffd7d020000 - 0x00007ffd7d1c0000 	C:\WINDOWS\System32\USER32.dll
0x00007ffd7b9d0000 - 0x00007ffd7b9f2000 	C:\WINDOWS\System32\win32u.dll
0x00007ffd7cdc0000 - 0x00007ffd7cdea000 	C:\WINDOWS\System32\GDI32.dll
0x00007ffd7b800000 - 0x00007ffd7b90b000 	C:\WINDOWS\System32\gdi32full.dll
0x00007ffd7bcd0000 - 0x00007ffd7bd6d000 	C:\WINDOWS\System32\msvcp_win.dll
0x00007ffd75630000 - 0x00007ffd75649000 	c:\Users\user\.vscode\extensions\redhat.java-1.11.0-win32-x64\jre\17.0.4.1-win32-x86_64\bin\VCRUNTIME140.dll
0x00007ffd68020000 - 0x00007ffd682ba000 	C:\WINDOWS\WinSxS\amd64_microsoft.windows.common-controls_6595b64144ccf1df_6.0.19041.1110_none_60b5254171f9507e\COMCTL32.dll
0x00007ffd7cba0000 - 0x00007ffd7cc3e000 	C:\WINDOWS\System32\msvcrt.dll
0x00007ffd7cff0000 - 0x00007ffd7d020000 	C:\WINDOWS\System32\IMM32.DLL
0x00007ffd78770000 - 0x00007ffd7877c000 	c:\Users\user\.vscode\extensions\redhat.java-1.11.0-win32-x64\jre\17.0.4.1-win32-x86_64\bin\vcruntime140_1.dll
0x00007ffd53ad0000 - 0x00007ffd53b61000 	c:\Users\user\.vscode\extensions\redhat.java-1.11.0-win32-x64\jre\17.0.4.1-win32-x86_64\bin\msvcp140.dll
0x00007ffd47fc0000 - 0x00007ffd48c06000 	c:\Users\user\.vscode\extensions\redhat.java-1.11.0-win32-x64\jre\17.0.4.1-win32-x86_64\bin\server\jvm.dll
0x00007ffd7c7d0000 - 0x00007ffd7c87e000 	C:\WINDOWS\System32\ADVAPI32.dll
0x00007ffd7bd70000 - 0x00007ffd7be0c000 	C:\WINDOWS\System32\sechost.dll
0x00007ffd7c990000 - 0x00007ffd7cab5000 	C:\WINDOWS\System32\RPCRT4.dll
0x00007ffd7c970000 - 0x00007ffd7c978000 	C:\WINDOWS\System32\PSAPI.DLL
0x00007ffd79b50000 - 0x00007ffd79b59000 	C:\WINDOWS\SYSTEM32\WSOCK32.dll
0x00007ffd7c620000 - 0x00007ffd7c68b000 	C:\WINDOWS\System32\WS2_32.dll
0x00007ffd68450000 - 0x00007ffd68477000 	C:\WINDOWS\SYSTEM32\WINMM.dll
0x00007ffd70110000 - 0x00007ffd7011a000 	C:\WINDOWS\SYSTEM32\VERSION.dll
0x00007ffd79c70000 - 0x00007ffd79c82000 	C:\WINDOWS\SYSTEM32\kernel.appcore.dll
0x00007ffd765c0000 - 0x00007ffd765ca000 	c:\Users\user\.vscode\extensions\redhat.java-1.11.0-win32-x64\jre\17.0.4.1-win32-x86_64\bin\jimage.dll
0x00007ffd79940000 - 0x00007ffd79b24000 	C:\WINDOWS\SYSTEM32\DBGHELP.DLL
0x00007ffd661f0000 - 0x00007ffd6621c000 	C:\WINDOWS\SYSTEM32\dbgcore.DLL
0x00007ffd7b940000 - 0x00007ffd7b9c2000 	C:\WINDOWS\System32\bcryptPrimitives.dll
0x00007ffd763f0000 - 0x00007ffd763fe000 	c:\Users\user\.vscode\extensions\redhat.java-1.11.0-win32-x64\jre\17.0.4.1-win32-x86_64\bin\instrument.dll
0x00007ffd73950000 - 0x00007ffd73975000 	c:\Users\user\.vscode\extensions\redhat.java-1.11.0-win32-x64\jre\17.0.4.1-win32-x86_64\bin\java.dll
0x00007ffd73740000 - 0x00007ffd73758000 	c:\Users\user\.vscode\extensions\redhat.java-1.11.0-win32-x64\jre\17.0.4.1-win32-x86_64\bin\zip.dll
0x00007ffd7d220000 - 0x00007ffd7d963000 	C:\WINDOWS\System32\SHELL32.dll
0x00007ffd790d0000 - 0x00007ffd79865000 	C:\WINDOWS\SYSTEM32\windows.storage.dll
0x00007ffd7d970000 - 0x00007ffd7dcc4000 	C:\WINDOWS\System32\combase.dll
0x00007ffd7ace0000 - 0x00007ffd7ad10000 	C:\WINDOWS\SYSTEM32\Wldp.dll
0x00007ffd7cf40000 - 0x00007ffd7cfed000 	C:\WINDOWS\System32\SHCORE.dll
0x00007ffd7c880000 - 0x00007ffd7c8d5000 	C:\WINDOWS\System32\shlwapi.dll
0x00007ffd7b370000 - 0x00007ffd7b38f000 	C:\WINDOWS\SYSTEM32\profapi.dll
0x00007ffd73510000 - 0x00007ffd73529000 	C:\Users\user\.vscode\extensions\redhat.java-1.11.0-win32-x64\jre\17.0.4.1-win32-x86_64\bin\net.dll
0x00007ffd6ffb0000 - 0x00007ffd700ba000 	C:\WINDOWS\SYSTEM32\WINHTTP.dll
0x00007ffd7aac0000 - 0x00007ffd7ab2a000 	C:\WINDOWS\system32\mswsock.dll
0x00007ffd73390000 - 0x00007ffd733a5000 	C:\Users\user\.vscode\extensions\redhat.java-1.11.0-win32-x64\jre\17.0.4.1-win32-x86_64\bin\nio.dll
0x00007ffd75690000 - 0x00007ffd756a0000 	c:\Users\user\.vscode\extensions\redhat.java-1.11.0-win32-x64\jre\17.0.4.1-win32-x86_64\bin\verify.dll

dbghelp: loaded successfully - version: 4.0.5 - missing functions: none
symbol engine: initialized successfully - sym options: 0x614 - pdb path: .;c:\Users\user\.vscode\extensions\redhat.java-1.11.0-win32-x64\jre\17.0.4.1-win32-x86_64\bin;C:\WINDOWS\SYSTEM32;C:\WINDOWS\WinSxS\amd64_microsoft.windows.common-controls_6595b64144ccf1df_6.0.19041.1110_none_60b5254171f9507e;c:\Users\user\.vscode\extensions\redhat.java-1.11.0-win32-x64\jre\17.0.4.1-win32-x86_64\bin\server

VM Arguments:
jvm_args: --add-modules=ALL-SYSTEM --add-opens=java.base/java.util=ALL-UNNAMED --add-opens=java.base/java.lang=ALL-UNNAMED --add-opens=java.base/sun.nio.fs=ALL-UNNAMED -Declipse.application=org.eclipse.jdt.ls.core.id1 -Dosgi.bundles.defaultStartLevel=4 -Declipse.product=org.eclipse.jdt.ls.core.product -Djava.import.generatesMetadataFilesAtProjectRoot=false -Dfile.encoding=utf8 -DwatchParentProcess=false -XX:+UseParallelGC -XX:GCTimeRatio=4 -XX:AdaptiveSizePolicyWeight=90 -Dsun.zip.disableMemoryMapping=true -Xmx1G -Xms100m -Xlog:disable -javaagent:c:\Users\user\.vscode\extensions\redhat.java-1.11.0-win32-x64\lombok\lombok-1.18.24.jar 
java_command: c:\Users\user\.vscode\extensions\redhat.java-1.11.0-win32-x64\server\plugins\org.eclipse.equinox.launcher_1.6.400.v20210924-0641.jar -configuration c:\Users\user\AppData\Roaming\Code\User\globalStorage\redhat.java\1.11.0\config_ss_win -data c:\Users\user\AppData\Roaming\Code\User\workspaceStorage\9790c16ee2546c27d83f4d82dc65016d\redhat.java\ss_ws
java_class_path (initial): c:\Users\user\.vscode\extensions\redhat.java-1.11.0-win32-x64\server\plugins\org.eclipse.equinox.launcher_1.6.400.v20210924-0641.jar
Launcher Type: SUN_STANDARD

[Global flags]
    uintx AdaptiveSizePolicyWeight                 = 90                                        {product} {command line}
     intx CICompilerCount                          = 3                                         {product} {ergonomic}
    uintx GCTimeRatio                              = 4                                         {product} {command line}
   size_t InitialHeapSize                          = 104857600                                 {product} {command line}
   size_t MaxHeapSize                              = 1073741824                                {product} {command line}
   size_t MaxNewSize                               = 357564416                                 {product} {ergonomic}
   size_t MinHeapDeltaBytes                        = 524288                                    {product} {ergonomic}
   size_t MinHeapSize                              = 104857600                                 {product} {command line}
   size_t NewSize                                  = 34603008                                  {product} {ergonomic}
    uintx NonNMethodCodeHeapSize                   = 5832780                                {pd product} {ergonomic}
    uintx NonProfiledCodeHeapSize                  = 122912730                              {pd product} {ergonomic}
   size_t OldSize                                  = 70254592                                  {product} {ergonomic}
    uintx ProfiledCodeHeapSize                     = 122912730                              {pd product} {ergonomic}
    uintx ReservedCodeCacheSize                    = 251658240                              {pd product} {ergonomic}
     bool SegmentedCodeCache                       = true                                      {product} {ergonomic}
   size_t SoftMaxHeapSize                          = 1073741824                             {manageable} {ergonomic}
     bool UseCompressedClassPointers               = true                           {product lp64_product} {ergonomic}
     bool UseCompressedOops                        = true                           {product lp64_product} {ergonomic}
     bool UseLargePagesIndividualAllocation        = false                                  {pd product} {ergonomic}
     bool UseParallelGC                            = true                                      {product} {command line}

Logging:
Log output configuration:
 #0: stdout all=off uptime,level,tags
 #1: stderr all=off uptime,level,tags

Environment Variables:
JAVA_HOME=C:\Users\user\AppData\Local\Programs\Eclipse Adoptium\jdk-17.0.3.7-hotspot\
PATH=C:\WINDOWS\system32;C:\WINDOWS;C:\WINDOWS\System32\Wbem;C:\WINDOWS\System32\WindowsPowerShell\v1.0\;C:\WINDOWS\System32\OpenSSH\;C:\Program Files\nodejs\;C:\Program Files\Git\cmd;C:\Users\user\AppData\Local\Programs\Eclipse Adoptium\jdk-17.0.3.7-hotspot\bin;C:\Users\user\AppData\Local\Microsoft\WindowsApps;C:\Users\user\AppData\Local\GitHubDesktop\bin;C:\Users\user\AppData\Local\Programs\Microsoft VS Code\bin;C:\Users\user\AppData\Roaming\npm;C:\Program Files\JetBrains\IntelliJ IDEA Community Edition 2022.2.2\bin;
USERNAME=monir
OS=Windows_NT
PROCESSOR_IDENTIFIER=Intel64 Family 6 Model 78 Stepping 3, GenuineIntel
TMP=C:\Users\user\AppData\Local\Temp
TEMP=C:\Users\user\AppData\Local\Temp



---------------  S Y S T E M  ---------------

OS:
 Windows 10 , 64 bit Build 19041 (10.0.19041.1889)
OS uptime: 2 days 22:30 hours
Hyper-V role detected

CPU: total 4 (initial active 4) (2 cores per cpu, 2 threads per core) family 6 model 78 stepping 3 microcode 0xcc, cx8, cmov, fxsr, ht, mmx, 3dnowpref, sse, sse2, sse3, ssse3, sse4.1, sse4.2, popcnt, lzcnt, tsc, tscinvbit, avx, avx2, aes, erms, clmul, bmi1, bmi2, adx, fma, vzeroupper, clflush, clflushopt, hv

Memory: 4k page, system-wide physical 32659M (340M free)
TotalPageFile size 62329M (AvailPageFile size 8M)
current process WorkingSet (physical memory assigned to process): 75M, peak: 75M
current process commit charge ("private bytes"): 185M, peak: 185M

vm_info: OpenJDK 64-Bit Server VM (17.0.4.1+1) for windows-amd64 JRE (17.0.4.1+1), built on Aug 17 2022 07:42:43 by "temurin" with MS VC++ 16.7 (VS2019)

END.
