#
# There is insufficient memory for the Java Runtime Environment to continue.
# Native memory allocation (malloc) failed to allocate 32744 bytes for ChunkPool::allocate
# Possible reasons:
#   The system is out of physical RAM or swap space
#   The process is running with CompressedOops enabled, and the Java Heap may be blocking the growth of the native heap
# Possible solutions:
#   Reduce memory load on the system
#   Increase physical memory or swap space
#   Check if swap backing store is full
#   Decrease Java heap size (-Xmx/-Xms)
#   Decrease number of Java threads
#   Decrease Java thread stack sizes (-Xss)
#   Set larger code cache with -XX:ReservedCodeCacheSize=
#   JVM is running with Unscaled Compressed Oops mode in which the Java heap is
#     placed in the first 4GB address space. The Java Heap base address is the
#     maximum limit for the native heap growth. Please use -XX:HeapBaseMinAddress
#     to set the Java Heap base and to place the Java Heap above 4GB virtual address.
# This output file may be truncated or incomplete.
#
#  Out of Memory Error (arena.cpp:78), pid=16392, tid=17152
#
# JRE version: OpenJDK Runtime Environment Temurin-17.0.4.1+1 (17.0.4.1+1) (build 17.0.4.1+1)
# Java VM: OpenJDK 64-Bit Server VM Temurin-17.0.4.1+1 (17.0.4.1+1, mixed mode, tiered, compressed oops, compressed class ptrs, parallel gc, windows-amd64)
# No core dump will be written. Minidumps are not enabled by default on client versions of Windows
#

---------------  S U M M A R Y ------------

Command Line: --add-modules=ALL-SYSTEM --add-opens=java.base/java.util=ALL-UNNAMED --add-opens=java.base/java.lang=ALL-UNNAMED --add-opens=java.base/sun.nio.fs=ALL-UNNAMED -Declipse.application=org.eclipse.jdt.ls.core.id1 -Dosgi.bundles.defaultStartLevel=4 -Declipse.product=org.eclipse.jdt.ls.core.product -Djava.import.generatesMetadataFilesAtProjectRoot=false -Dfile.encoding=utf8 -DwatchParentProcess=false -XX:+UseParallelGC -XX:GCTimeRatio=4 -XX:AdaptiveSizePolicyWeight=90 -Dsun.zip.disableMemoryMapping=true -Xmx1G -Xms100m -Xlog:disable -javaagent:c:\Users\user\.vscode\extensions\redhat.java-1.11.0-win32-x64\lombok\lombok-1.18.24.jar c:\Users\user\.vscode\extensions\redhat.java-1.11.0-win32-x64\server\plugins\org.eclipse.equinox.launcher_1.6.400.v20210924-0641.jar -configuration c:\Users\user\AppData\Roaming\Code\User\globalStorage\redhat.java\1.11.0\config_ss_win -data c:\Users\user\AppData\Roaming\Code\User\workspaceStorage\9790c16ee2546c27d83f4d82dc65016d\redhat.java\ss_ws

Host: Intel(R) Core(TM) i5-6200U CPU @ 2.30GHz, 4 cores, 31G,  Windows 10 , 64 bit Build 19041 (10.0.19041.1889)
Time: Fri Sep 30 19:53:20 2022 Eastern Daylight Time elapsed time: 0.379230 seconds (0d 0h 0m 0s)

---------------  T H R E A D  ---------------

Current thread (0x0000029a7d3f59a0):  JavaThread "C1 CompilerThread0" daemon [_thread_in_native, id=17152, stack(0x000000aefc800000,0x000000aefc900000)]


Current CompileTask:
C1:    379  341   !   3       java.io.WinNTFileSystem::resolve (362 bytes)

Stack: [0x000000aefc800000,0x000000aefc900000]
Native frames: (J=compiled Java code, j=interpreted, Vv=VM code, C=native code)
V  [jvm.dll+0x67731a]
V  [jvm.dll+0x832284]
V  [jvm.dll+0x833a2e]
V  [jvm.dll+0x834093]
V  [jvm.dll+0x245775]
V  [jvm.dll+0xabfc0]
V  [jvm.dll+0xac30c]
V  [jvm.dll+0xaa5f]
V  [jvm.dll+0x151790]
V  [jvm.dll+0x15933f]
V  [jvm.dll+0x1544c8]
V  [jvm.dll+0x15152d]
V  [jvm.dll+0x150d3f]
V  [jvm.dll+0x150947]
V  [jvm.dll+0x15077e]
V  [jvm.dll+0x134729]
V  [jvm.dll+0x13428a]
V  [jvm.dll+0x134476]
V  [jvm.dll+0x13390a]
V  [jvm.dll+0x1355d1]
V  [jvm.dll+0x227498]
V  [jvm.dll+0x2255e5]
V  [jvm.dll+0x7e7e9b]
V  [jvm.dll+0x7e240a]
V  [jvm.dll+0x6761a5]
C  [ucrtbase.dll+0x21bb2]
C  [KERNEL32.DLL+0x17034]
C  [ntdll.dll+0x526a1]


---------------  P R O C E S S  ---------------

Threads class SMR info:
_java_thread_list=0x0000029a7ee6e110, length=11, elements={
0x0000029a78592910, 0x0000029a7d3a9760, 0x0000029a7d3aabf0, 0x0000029a7d3bbbe0,
0x0000029a7d3bc790, 0x0000029a7d3bdc20, 0x0000029a7d3bed70, 0x0000029a7d3f4fb0,
0x0000029a7d3f59a0, 0x0000029a7d3ffaa0, 0x0000029a7ee4b220
}

Java Threads: ( => current thread )
  0x0000029a78592910 JavaThread "main" [_thread_in_vm, id=6612, stack(0x000000aefbe00000,0x000000aefbf00000)]
  0x0000029a7d3a9760 JavaThread "Reference Handler" daemon [_thread_blocked, id=14672, stack(0x000000aefc100000,0x000000aefc200000)]
  0x0000029a7d3aabf0 JavaThread "Finalizer" daemon [_thread_blocked, id=5272, stack(0x000000aefc200000,0x000000aefc300000)]
  0x0000029a7d3bbbe0 JavaThread "Signal Dispatcher" daemon [_thread_blocked, id=17128, stack(0x000000aefc300000,0x000000aefc400000)]
  0x0000029a7d3bc790 JavaThread "Attach Listener" daemon [_thread_blocked, id=1252, stack(0x000000aefc400000,0x000000aefc500000)]
  0x0000029a7d3bdc20 JavaThread "Service Thread" daemon [_thread_blocked, id=10728, stack(0x000000aefc500000,0x000000aefc600000)]
  0x0000029a7d3bed70 JavaThread "Monitor Deflation Thread" daemon [_thread_blocked, id=9796, stack(0x000000aefc600000,0x000000aefc700000)]
  0x0000029a7d3f4fb0 JavaThread "C2 CompilerThread0" daemon [_thread_blocked, id=16360, stack(0x000000aefc700000,0x000000aefc800000)]
=>0x0000029a7d3f59a0 JavaThread "C1 CompilerThread0" daemon [_thread_in_native, id=17152, stack(0x000000aefc800000,0x000000aefc900000)]
  0x0000029a7d3ffaa0 JavaThread "Sweeper thread" daemon [_thread_blocked, id=15152, stack(0x000000aefc900000,0x000000aefca00000)]
  0x0000029a7ee4b220 JavaThread "Common-Cleaner" daemon [_thread_blocked, id=8356, stack(0x000000aefca00000,0x000000aefcb00000)]

Other Threads:
  0x0000029a7d394e60 VMThread "VM Thread" [stack: 0x000000aefc000000,0x000000aefc100000] [id=14880]
  0x0000029a785a72c0 GCTaskThread "GC Thread#0" [stack: 0x000000aefbf00000,0x000000aefc000000] [id=17032]

Threads with active compile tasks:
C1 CompilerThread0      418  341   !   3       java.io.WinNTFileSystem::resolve (362 bytes)

VM state: not at safepoint (normal execution)

VM Mutex/Monitor currently owned by a thread: None

Heap address: 0x00000000c0000000, size: 1024 MB, Compressed Oops mode: 32-bit

CDS archive(s) not mapped
Compressed class space mapped at: 0x0000000100000000-0x0000000140000000, reserved size: 1073741824
Narrow klass base: 0x0000000000000000, Narrow klass shift: 3, Narrow klass range: 0x140000000

GC Precious Log:
 CPUs: 4 total, 4 available
 Memory: 32659M
 Large Page Support: Disabled
 NUMA Support: Disabled
 Compressed Oops: Enabled (32-bit)
 Alignments: Space 512K, Generation 512K, Heap 2M
 Heap Min Capacity: 100M
 Heap Initial Capacity: 100M
 Heap Max Capacity: 1G
 Pre-touch: Disabled
 Parallel Workers: 4

Heap:
 PSYoungGen      total 29696K, used 6683K [0x00000000eab00000, 0x00000000ecc00000, 0x0000000100000000)
  eden space 25600K, 26% used [0x00000000eab00000,0x00000000eb186c58,0x00000000ec400000)
  from space 4096K, 0% used [0x00000000ec800000,0x00000000ec800000,0x00000000ecc00000)
  to   space 4096K, 0% used [0x00000000ec400000,0x00000000ec400000,0x00000000ec800000)
 ParOldGen       total 68608K, used 0K [0x00000000c0000000, 0x00000000c4300000, 0x00000000eab00000)
  object space 68608K, 0% used [0x00000000c0000000,0x00000000c0000000,0x00000000c4300000)
 Metaspace       used 6143K, committed 6336K, reserved 1056768K
  class space    used 602K, committed 704K, reserved 1048576K

Card table byte_map: [0x0000029a77f50000,0x0000029a78160000] _byte_map_base: 0x0000029a77950000

Marking Bits: (ParMarkBitMap*) 0x00007ffd475d2cc0
 Begin Bits: [0x0000029a7b230000, 0x0000029a7c230000)
 End Bits:   [0x0000029a7c230000, 0x0000029a7d230000)

Polling page: 0x0000029a76590000

Metaspace:

Usage:
  Non-class:      5.41 MB used.
      Class:    602.18 KB used.
       Both:      6.00 MB used.

Virtual space:
  Non-class space:        8.00 MB reserved,       5.50 MB ( 69%) committed,  1 nodes.
      Class space:        1.00 GB reserved,     704.00 KB ( <1%) committed,  1 nodes.
             Both:        1.01 GB reserved,       6.19 MB ( <1%) committed. 

Chunk freelists:
   Non-Class:  2.28 MB
       Class:  3.22 MB
        Both:  5.50 MB

MaxMetaspaceSize: unlimited
CompressedClassSpaceSize: 1.00 GB
Initial GC threshold: 21.00 MB
Current GC threshold: 21.00 MB
CDS: off
MetaspaceReclaimPolicy: balanced
 - commit_granule_bytes: 65536.
 - commit_granule_words: 8192.
 - virtual_space_node_default_size: 1048576.
 - enlarge_chunks_in_place: 1.
 - new_chunks_are_fully_committed: 0.
 - uncommit_free_chunks: 1.
 - use_allocation_guard: 0.
 - handle_deallocations: 1.


Internal statistics:

num_allocs_failed_limit: 0.
num_arena_births: 10.
num_arena_deaths: 0.
num_vsnodes_births: 2.
num_vsnodes_deaths: 0.
num_space_committed: 99.
num_space_uncommitted: 0.
num_chunks_returned_to_freelist: 0.
num_chunks_taken_from_freelist: 33.
num_chunk_merges: 0.
num_chunk_splits: 18.
num_chunks_enlarged: 16.
num_purges: 0.
num_inconsistent_stats: 0.

CodeHeap 'non-profiled nmethods': size=120000Kb used=97Kb max_used=97Kb free=119902Kb
 bounds [0x0000029a07ad0000, 0x0000029a07d40000, 0x0000029a0f000000]
CodeHeap 'profiled nmethods': size=120000Kb used=402Kb max_used=402Kb free=119598Kb
 bounds [0x0000029a005a0000, 0x0000029a00810000, 0x0000029a07ad0000]
CodeHeap 'non-nmethods': size=5760Kb used=1097Kb max_used=1112Kb free=4662Kb
 bounds [0x0000029a00000000, 0x0000029a00270000, 0x0000029a005a0000]
 total_blobs=713 nmethods=339 adapters=289
 compilation: enabled
              stopped_count=0, restarted_count=0
 full_count=0

Compilation events (20 events):
Event: 0.353 Thread 0x0000029a7d3f59a0 nmethod 330 0x0000029a005fe610 code [0x0000029a005fe7c0, 0x0000029a005fea78]
Event: 0.356 Thread 0x0000029a7d3f59a0  332       3       java.lang.StringLatin1::toLowerCase (186 bytes)
Event: 0.357 Thread 0x0000029a7d3f59a0 nmethod 332 0x0000029a005feb90 code [0x0000029a005fee00, 0x0000029a005ff8f8]
Event: 0.357 Thread 0x0000029a7d3f59a0  331       3       java.lang.String::toLowerCase (29 bytes)
Event: 0.357 Thread 0x0000029a7d3f59a0 nmethod 331 0x0000029a005ffd10 code [0x0000029a005ffee0, 0x0000029a00600198]
Event: 0.367 Thread 0x0000029a7d3f59a0  333   !   3       java.nio.DirectIntBufferU::get (34 bytes)
Event: 0.368 Thread 0x0000029a7d3f59a0 nmethod 333 0x0000029a00600290 code [0x0000029a006004c0, 0x0000029a00600cb8]
Event: 0.368 Thread 0x0000029a7d3f59a0  334       3       java.nio.DirectIntBufferU::ix (10 bytes)
Event: 0.368 Thread 0x0000029a7d3f59a0 nmethod 334 0x0000029a00601190 code [0x0000029a00601320, 0x0000029a00601438]
Event: 0.368 Thread 0x0000029a7d3f59a0  335       3       jdk.internal.jimage.ImageStringsReader::hashCode (33 bytes)
Event: 0.368 Thread 0x0000029a7d3f59a0 nmethod 335 0x0000029a00601510 code [0x0000029a006016c0, 0x0000029a00601838]
Event: 0.369 Thread 0x0000029a7d3f59a0  336       3       java.io.WinNTFileSystem::prefixLength (91 bytes)
Event: 0.370 Thread 0x0000029a7d3f59a0 nmethod 336 0x0000029a00601910 code [0x0000029a00601c20, 0x0000029a00602f98]
Event: 0.370 Thread 0x0000029a7d3f59a0  337       3       java.util.zip.ZipFile$Source::getEntryHash (7 bytes)
Event: 0.370 Thread 0x0000029a7d3f59a0 nmethod 337 0x0000029a00603690 code [0x0000029a00603820, 0x0000029a00603958]
Event: 0.370 Thread 0x0000029a7d3f59a0  338       3       java.lang.ClassLoader::getResource (41 bytes)
Event: 0.371 Thread 0x0000029a7d3f59a0 nmethod 338 0x0000029a00603a10 code [0x0000029a00603c00, 0x0000029a006041f8]
Event: 0.371 Thread 0x0000029a7d3f59a0  339       3       java.io.FileSystem::hasBooleanAttributes (17 bytes)
Event: 0.371 Thread 0x0000029a7d3f59a0 nmethod 339 0x0000029a00604410 code [0x0000029a006045c0, 0x0000029a00604768]
Event: 0.371 Thread 0x0000029a7d3f59a0  341   !   3       java.io.WinNTFileSystem::resolve (362 bytes)

GC Heap History (0 events):
No events

Deoptimization events (0 events):
No events

Classes unloaded (0 events):
No events

Classes redefined (0 events):
No events

Internal exceptions (2 events):
Event: 0.153 Thread 0x0000029a78592910 Exception <a 'java/lang/NoSuchMethodError'{0x00000000eacb2268}: 'void java.lang.invoke.DirectMethodHandle$Holder.invokeStatic(java.lang.Object, java.lang.Object, java.lang.Object)'> (0x00000000eacb2268) 
thrown [s\src\hotspot\share\interpreter\linkResolver.cpp, line 759]
Event: 0.323 Thread 0x0000029a78592910 Exception <a 'java/lang/reflect/InvocationTargetException'{0x00000000eaf77fa0}> (0x00000000eaf77fa0) 
thrown [s\src\hotspot\share\runtime\reflection.cpp, line 1121]

VM Operations (2 events):
Event: 0.160 Executing VM operation: HandshakeAllThreads
Event: 0.160 Executing VM operation: HandshakeAllThreads done

Events (20 events):
Event: 0.341 loading class java/util/regex/Pattern$StartS
Event: 0.341 loading class java/util/regex/Pattern$StartS done
Event: 0.341 loading class java/util/regex/Pattern$Curly
Event: 0.341 loading class java/util/regex/Pattern$Curly done
Event: 0.341 loading class java/util/regex/Pattern$Ques
Event: 0.341 loading class java/util/regex/Pattern$Ques done
Event: 0.341 loading class java/util/regex/Pattern$Loop
Event: 0.341 loading class java/util/regex/Pattern$Loop done
Event: 0.341 loading class java/util/regex/Pattern$Prolog
Event: 0.341 loading class java/util/regex/Pattern$Prolog done
Event: 0.341 loading class java/util/regex/Pattern$Dollar
Event: 0.341 loading class java/util/regex/Pattern$Dollar done
Event: 0.342 loading class java/util/regex/Pattern$GroupCurly
Event: 0.342 loading class java/util/regex/Pattern$GroupCurly done
Event: 0.359 loading class java/lang/AssertionError
Event: 0.360 loading class java/lang/AssertionError done
Event: 0.360 loading class java/util/Collections$SingletonSet
Event: 0.360 loading class java/util/Collections$SingletonSet done
Event: 0.360 loading class java/util/Collections$1
Event: 0.360 loading class java/util/Collections$1 done


Dynamic libraries:
0x00007ff72c830000 - 0x00007ff72c83e000 	c:\Users\user\.vscode\extensions\redhat.java-1.11.0-win32-x64\jre\17.0.4.1-win32-x86_64\bin\java.exe
0x00007ffd7dd10000 - 0x00007ffd7df08000 	C:\WINDOWS\SYSTEM32\ntdll.dll
0x00007ffd7c560000 - 0x00007ffd7c61d000 	C:\WINDOWS\System32\KERNEL32.DLL
0x00007ffd7ba00000 - 0x00007ffd7bcce000 	C:\WINDOWS\System32\KERNELBASE.dll
0x00007ffd7b690000 - 0x00007ffd7b790000 	C:\WINDOWS\System32\ucrtbase.dll
0x00007ffd76a20000 - 0x00007ffd76a38000 	c:\Users\user\.vscode\extensions\redhat.java-1.11.0-win32-x64\jre\17.0.4.1-win32-x86_64\bin\jli.dll
0x00007ffd73960000 - 0x00007ffd73979000 	c:\Users\user\.vscode\extensions\redhat.java-1.11.0-win32-x64\jre\17.0.4.1-win32-x86_64\bin\VCRUNTIME140.dll
0x00007ffd7d020000 - 0x00007ffd7d1c0000 	C:\WINDOWS\System32\USER32.dll
0x00007ffd7b9d0000 - 0x00007ffd7b9f2000 	C:\WINDOWS\System32\win32u.dll
0x00007ffd68020000 - 0x00007ffd682ba000 	C:\WINDOWS\WinSxS\amd64_microsoft.windows.common-controls_6595b64144ccf1df_6.0.19041.1110_none_60b5254171f9507e\COMCTL32.dll
0x00007ffd7cdc0000 - 0x00007ffd7cdea000 	C:\WINDOWS\System32\GDI32.dll
0x00007ffd7cba0000 - 0x00007ffd7cc3e000 	C:\WINDOWS\System32\msvcrt.dll
0x00007ffd7b800000 - 0x00007ffd7b90b000 	C:\WINDOWS\System32\gdi32full.dll
0x00007ffd7bcd0000 - 0x00007ffd7bd6d000 	C:\WINDOWS\System32\msvcp_win.dll
0x00007ffd7cff0000 - 0x00007ffd7d020000 	C:\WINDOWS\System32\IMM32.DLL
0x00007ffd741c0000 - 0x00007ffd741cc000 	c:\Users\user\.vscode\extensions\redhat.java-1.11.0-win32-x64\jre\17.0.4.1-win32-x86_64\bin\vcruntime140_1.dll
0x00007ffd539d0000 - 0x00007ffd53a61000 	c:\Users\user\.vscode\extensions\redhat.java-1.11.0-win32-x64\jre\17.0.4.1-win32-x86_64\bin\msvcp140.dll
0x00007ffd46a50000 - 0x00007ffd47696000 	c:\Users\user\.vscode\extensions\redhat.java-1.11.0-win32-x64\jre\17.0.4.1-win32-x86_64\bin\server\jvm.dll
0x00007ffd7c7d0000 - 0x00007ffd7c87e000 	C:\WINDOWS\System32\ADVAPI32.dll
0x00007ffd7bd70000 - 0x00007ffd7be0c000 	C:\WINDOWS\System32\sechost.dll
0x00007ffd7c990000 - 0x00007ffd7cab5000 	C:\WINDOWS\System32\RPCRT4.dll
0x00007ffd7c970000 - 0x00007ffd7c978000 	C:\WINDOWS\System32\PSAPI.DLL
0x00007ffd68450000 - 0x00007ffd68477000 	C:\WINDOWS\SYSTEM32\WINMM.dll
0x00007ffd70110000 - 0x00007ffd7011a000 	C:\WINDOWS\SYSTEM32\VERSION.dll
0x00007ffd79b50000 - 0x00007ffd79b59000 	C:\WINDOWS\SYSTEM32\WSOCK32.dll
0x00007ffd7c620000 - 0x00007ffd7c68b000 	C:\WINDOWS\System32\WS2_32.dll
0x00007ffd79c70000 - 0x00007ffd79c82000 	C:\WINDOWS\SYSTEM32\kernel.appcore.dll
0x00007ffd73950000 - 0x00007ffd7395a000 	c:\Users\user\.vscode\extensions\redhat.java-1.11.0-win32-x64\jre\17.0.4.1-win32-x86_64\bin\jimage.dll
0x00007ffd79940000 - 0x00007ffd79b24000 	C:\WINDOWS\SYSTEM32\DBGHELP.DLL
0x00007ffd661f0000 - 0x00007ffd6621c000 	C:\WINDOWS\SYSTEM32\dbgcore.DLL
0x00007ffd7b940000 - 0x00007ffd7b9c2000 	C:\WINDOWS\System32\bcryptPrimitives.dll
0x00007ffd73940000 - 0x00007ffd7394e000 	c:\Users\user\.vscode\extensions\redhat.java-1.11.0-win32-x64\jre\17.0.4.1-win32-x86_64\bin\instrument.dll
0x00007ffd732c0000 - 0x00007ffd732e5000 	c:\Users\user\.vscode\extensions\redhat.java-1.11.0-win32-x64\jre\17.0.4.1-win32-x86_64\bin\java.dll
0x00007ffd73390000 - 0x00007ffd733a8000 	c:\Users\user\.vscode\extensions\redhat.java-1.11.0-win32-x64\jre\17.0.4.1-win32-x86_64\bin\zip.dll
0x00007ffd7d220000 - 0x00007ffd7d963000 	C:\WINDOWS\System32\SHELL32.dll
0x00007ffd790d0000 - 0x00007ffd79865000 	C:\WINDOWS\SYSTEM32\windows.storage.dll
0x00007ffd7d970000 - 0x00007ffd7dcc4000 	C:\WINDOWS\System32\combase.dll
0x00007ffd7ace0000 - 0x00007ffd7ad10000 	C:\WINDOWS\SYSTEM32\Wldp.dll
0x00007ffd7cf40000 - 0x00007ffd7cfed000 	C:\WINDOWS\System32\SHCORE.dll
0x00007ffd7c880000 - 0x00007ffd7c8d5000 	C:\WINDOWS\System32\shlwapi.dll
0x00007ffd7b370000 - 0x00007ffd7b38f000 	C:\WINDOWS\SYSTEM32\profapi.dll
0x00007ffd6b490000 - 0x00007ffd6b4a9000 	C:\Users\user\.vscode\extensions\redhat.java-1.11.0-win32-x64\jre\17.0.4.1-win32-x86_64\bin\net.dll
0x00007ffd6ffb0000 - 0x00007ffd700ba000 	C:\WINDOWS\SYSTEM32\WINHTTP.dll
0x00007ffd7aac0000 - 0x00007ffd7ab2a000 	C:\WINDOWS\system32\mswsock.dll
0x00007ffd67cb0000 - 0x00007ffd67cc5000 	C:\Users\user\.vscode\extensions\redhat.java-1.11.0-win32-x64\jre\17.0.4.1-win32-x86_64\bin\nio.dll
0x00007ffd6b2d0000 - 0x00007ffd6b2e0000 	c:\Users\user\.vscode\extensions\redhat.java-1.11.0-win32-x64\jre\17.0.4.1-win32-x86_64\bin\verify.dll

dbghelp: loaded successfully - version: 4.0.5 - missing functions: none
symbol engine: initialized successfully - sym options: 0x614 - pdb path: .;c:\Users\user\.vscode\extensions\redhat.java-1.11.0-win32-x64\jre\17.0.4.1-win32-x86_64\bin;C:\WINDOWS\SYSTEM32;C:\WINDOWS\WinSxS\amd64_microsoft.windows.common-controls_6595b64144ccf1df_6.0.19041.1110_none_60b5254171f9507e;c:\Users\user\.vscode\extensions\redhat.java-1.11.0-win32-x64\jre\17.0.4.1-win32-x86_64\bin\server

VM Arguments:
jvm_args: --add-modules=ALL-SYSTEM --add-opens=java.base/java.util=ALL-UNNAMED --add-opens=java.base/java.lang=ALL-UNNAMED --add-opens=java.base/sun.nio.fs=ALL-UNNAMED -Declipse.application=org.eclipse.jdt.ls.core.id1 -Dosgi.bundles.defaultStartLevel=4 -Declipse.product=org.eclipse.jdt.ls.core.product -Djava.import.generatesMetadataFilesAtProjectRoot=false -Dfile.encoding=utf8 -DwatchParentProcess=false -XX:+UseParallelGC -XX:GCTimeRatio=4 -XX:AdaptiveSizePolicyWeight=90 -Dsun.zip.disableMemoryMapping=true -Xmx1G -Xms100m -Xlog:disable -javaagent:c:\Users\user\.vscode\extensions\redhat.java-1.11.0-win32-x64\lombok\lombok-1.18.24.jar 
java_command: c:\Users\user\.vscode\extensions\redhat.java-1.11.0-win32-x64\server\plugins\org.eclipse.equinox.launcher_1.6.400.v20210924-0641.jar -configuration c:\Users\user\AppData\Roaming\Code\User\globalStorage\redhat.java\1.11.0\config_ss_win -data c:\Users\user\AppData\Roaming\Code\User\workspaceStorage\9790c16ee2546c27d83f4d82dc65016d\redhat.java\ss_ws
java_class_path (initial): c:\Users\user\.vscode\extensions\redhat.java-1.11.0-win32-x64\server\plugins\org.eclipse.equinox.launcher_1.6.400.v20210924-0641.jar
Launcher Type: SUN_STANDARD

[Global flags]
    uintx AdaptiveSizePolicyWeight                 = 90                                        {product} {command line}
     intx CICompilerCount                          = 3                                         {product} {ergonomic}
    uintx GCTimeRatio                              = 4                                         {product} {command line}
   size_t InitialHeapSize                          = 104857600                                 {product} {command line}
   size_t MaxHeapSize                              = 1073741824                                {product} {command line}
   size_t MaxNewSize                               = 357564416                                 {product} {ergonomic}
   size_t MinHeapDeltaBytes                        = 524288                                    {product} {ergonomic}
   size_t MinHeapSize                              = 104857600                                 {product} {command line}
   size_t NewSize                                  = 34603008                                  {product} {ergonomic}
    uintx NonNMethodCodeHeapSize                   = 5832780                                {pd product} {ergonomic}
    uintx NonProfiledCodeHeapSize                  = 122912730                              {pd product} {ergonomic}
   size_t OldSize                                  = 70254592                                  {product} {ergonomic}
    uintx ProfiledCodeHeapSize                     = 122912730                              {pd product} {ergonomic}
    uintx ReservedCodeCacheSize                    = 251658240                              {pd product} {ergonomic}
     bool SegmentedCodeCache                       = true                                      {product} {ergonomic}
   size_t SoftMaxHeapSize                          = 1073741824                             {manageable} {ergonomic}
     bool UseCompressedClassPointers               = true                           {product lp64_product} {ergonomic}
     bool UseCompressedOops                        = true                           {product lp64_product} {ergonomic}
     bool UseLargePagesIndividualAllocation        = false                                  {pd product} {ergonomic}
     bool UseParallelGC                            = true                                      {product} {command line}

Logging:
Log output configuration:
 #0: stdout all=off uptime,level,tags
 #1: stderr all=off uptime,level,tags

Environment Variables:
JAVA_HOME=C:\Users\user\AppData\Local\Programs\Eclipse Adoptium\jdk-17.0.3.7-hotspot\
PATH=C:\Program Files\Google\Chrome\Application;C:\WINDOWS\system32;C:\WINDOWS;C:\WINDOWS\System32\Wbem;C:\WINDOWS\System32\WindowsPowerShell\v1.0\;C:\WINDOWS\System32\OpenSSH\;C:\Program Files\nodejs\;C:\Program Files\Git\cmd;C:\Users\user\AppData\Local\Programs\Eclipse Adoptium\jdk-17.0.3.7-hotspot\bin;C:\Users\user\AppData\Local\Microsoft\WindowsApps;C:\Users\user\AppData\Local\GitHubDesktop\bin;C:\Users\user\AppData\Local\Programs\Microsoft VS Code\bin;C:\Users\user\AppData\Roaming\npm;C:\Program Files\JetBrains\IntelliJ IDEA Community Edition 2022.2.2\bin;
USERNAME=monir
OS=Windows_NT
PROCESSOR_IDENTIFIER=Intel64 Family 6 Model 78 Stepping 3, GenuineIntel
TMP=C:\Users\user\AppData\Local\Temp
TEMP=C:\Users\user\AppData\Local\Temp



---------------  S Y S T E M  ---------------

OS:
 Windows 10 , 64 bit Build 19041 (10.0.19041.1889)
OS uptime: 2 days 22:32 hours
Hyper-V role detected

CPU: total 4 (initial active 4) (2 cores per cpu, 2 threads per core) family 6 model 78 stepping 3 microcode 0xcc, cx8, cmov, fxsr, ht, mmx, 3dnowpref, sse, sse2, sse3, ssse3, sse4.1, sse4.2, popcnt, lzcnt, tsc, tscinvbit, avx, avx2, aes, erms, clmul, bmi1, bmi2, adx, fma, vzeroupper, clflush, clflushopt, hv

Memory: 4k page, system-wide physical 32659M (128M free)
TotalPageFile size 62329M (AvailPageFile size 1M)
current process WorkingSet (physical memory assigned to process): 38M, peak: 38M
current process commit charge ("private bytes"): 174M, peak: 174M

vm_info: OpenJDK 64-Bit Server VM (17.0.4.1+1) for windows-amd64 JRE (17.0.4.1+1), built on Aug 17 2022 07:42:43 by "temurin" with MS VC++ 16.7 (VS2019)

END.
