#
# There is insufficient memory for the Java Runtime Environment to continue.
# Native memory allocation (mmap) failed to map 65536 bytes for Failed to commit metaspace.
# Possible reasons:
#   The system is out of physical RAM or swap space
#   The process is running with CompressedOops enabled, and the Java Heap may be blocking the growth of the native heap
# Possible solutions:
#   Reduce memory load on the system
#   Increase physical memory or swap space
#   Check if swap backing store is full
#   Decrease Java heap size (-Xmx/-Xms)
#   Decrease number of Java threads
#   Decrease Java thread stack sizes (-Xss)
#   Set larger code cache with -XX:ReservedCodeCacheSize=
#   JVM is running with Unscaled Compressed Oops mode in which the Java heap is
#     placed in the first 4GB address space. The Java Heap base address is the
#     maximum limit for the native heap growth. Please use -XX:HeapBaseMinAddress
#     to set the Java Heap base and to place the Java Heap above 4GB virtual address.
# This output file may be truncated or incomplete.
#
#  Out of Memory Error (virtualSpaceNode.cpp:110), pid=8528, tid=15972
#
# JRE version: OpenJDK Runtime Environment Temurin-17.0.4.1+1 (17.0.4.1+1) (build 17.0.4.1+1)
# Java VM: OpenJDK 64-Bit Server VM Temurin-17.0.4.1+1 (17.0.4.1+1, mixed mode, tiered, compressed oops, compressed class ptrs, parallel gc, windows-amd64)
# No core dump will be written. Minidumps are not enabled by default on client versions of Windows
#

---------------  S U M M A R Y ------------

Command Line: --add-modules=ALL-SYSTEM --add-opens=java.base/java.util=ALL-UNNAMED --add-opens=java.base/java.lang=ALL-UNNAMED --add-opens=java.base/sun.nio.fs=ALL-UNNAMED -Declipse.application=org.eclipse.jdt.ls.core.id1 -Dosgi.bundles.defaultStartLevel=4 -Declipse.product=org.eclipse.jdt.ls.core.product -Djava.import.generatesMetadataFilesAtProjectRoot=false -Dfile.encoding=utf8 -DwatchParentProcess=false -XX:+UseParallelGC -XX:GCTimeRatio=4 -XX:AdaptiveSizePolicyWeight=90 -Dsun.zip.disableMemoryMapping=true -Xmx1G -Xms100m -Xlog:disable -javaagent:c:\Users\user\.vscode\extensions\redhat.java-1.11.0-win32-x64\lombok\lombok-1.18.24.jar c:\Users\user\.vscode\extensions\redhat.java-1.11.0-win32-x64\server\plugins\org.eclipse.equinox.launcher_1.6.400.v20210924-0641.jar -configuration c:\Users\user\AppData\Roaming\Code\User\globalStorage\redhat.java\1.11.0\config_ss_win -data c:\Users\user\AppData\Roaming\Code\User\workspaceStorage\9790c16ee2546c27d83f4d82dc65016d\redhat.java\ss_ws

Host: Intel(R) Core(TM) i5-6200U CPU @ 2.30GHz, 4 cores, 31G,  Windows 10 , 64 bit Build 19041 (10.0.19041.1889)
Time: Fri Sep 30 19:53:20 2022 Eastern Daylight Time elapsed time: 0.591394 seconds (0d 0h 0m 0s)

---------------  T H R E A D  ---------------

Current thread (0x000001d513a2fc70):  JavaThread "main" [_thread_in_vm, id=15972, stack(0x0000000d5ff00000,0x0000000d60000000)]

Stack: [0x0000000d5ff00000,0x0000000d60000000]
Native frames: (J=compiled Java code, j=interpreted, Vv=VM code, C=native code)
V  [jvm.dll+0x67731a]
V  [jvm.dll+0x832284]
V  [jvm.dll+0x833a2e]
V  [jvm.dll+0x834093]
V  [jvm.dll+0x245775]
V  [jvm.dll+0x82e22b]
V  [jvm.dll+0x61bdf6]
V  [jvm.dll+0x61be5a]
V  [jvm.dll+0x61e67a]
V  [jvm.dll+0x61c796]
V  [jvm.dll+0x239e0f]
V  [jvm.dll+0x6265a5]
V  [jvm.dll+0x1ea5db]
V  [jvm.dll+0x1eab15]
V  [jvm.dll+0x1eb54f]
V  [jvm.dll+0x1e09f1]
V  [jvm.dll+0x53c910]
V  [jvm.dll+0x1f11e7]
V  [jvm.dll+0x7ac56b]
V  [jvm.dll+0x7ad912]
V  [jvm.dll+0x7adc48]
V  [jvm.dll+0x23db7e]
V  [jvm.dll+0x37f29e]
C  0x000001d5166eaf44

Java frames: (J=compiled Java code, j=interpreted, Vv=VM code)
j  sun.security.util.DerValue.getBigIntegerInternal(BZ)Ljava/math/BigInteger;+164 java.base@17.0.4.1
j  sun.security.util.DerValue.getBigInteger()Ljava/math/BigInteger;+3 java.base@17.0.4.1
j  sun.security.util.DerInputStream.getBigInteger()Ljava/math/BigInteger;+4 java.base@17.0.4.1
j  sun.security.pkcs.PKCS7.parseSignedData(Lsun/security/util/DerValue;)V+7 java.base@17.0.4.1
j  sun.security.pkcs.PKCS7.parse(Lsun/security/util/DerInputStream;Z)V+40 java.base@17.0.4.1
j  sun.security.pkcs.PKCS7.parse(Lsun/security/util/DerInputStream;)V+11 java.base@17.0.4.1
j  sun.security.pkcs.PKCS7.<init>([B)V+50 java.base@17.0.4.1
j  sun.security.util.SignatureFileVerifier.<init>(Ljava/util/ArrayList;Lsun/security/util/ManifestDigester;Ljava/lang/String;[B)V+40 java.base@17.0.4.1
j  java.util.jar.JarVerifier.processEntry(Lsun/security/util/ManifestEntryVerifier;)V+322 java.base@17.0.4.1
j  java.util.jar.JarVerifier.update(I[BIILsun/security/util/ManifestEntryVerifier;)V+39 java.base@17.0.4.1
j  java.util.jar.JarFile.initializeVerifier()V+163 java.base@17.0.4.1
j  java.util.jar.JarFile.ensureInitialization()V+41 java.base@17.0.4.1
j  java.util.jar.JavaUtilJarAccessImpl.ensureInitialization(Ljava/util/jar/JarFile;)V+1 java.base@17.0.4.1
j  jdk.internal.loader.URLClassPath$JarLoader$2.getManifest()Ljava/util/jar/Manifest;+10 java.base@17.0.4.1
j  jdk.internal.loader.BuiltinClassLoader.defineClass(Ljava/lang/String;Ljdk/internal/loader/Resource;)Ljava/lang/Class;+29 java.base@17.0.4.1
j  jdk.internal.loader.BuiltinClassLoader.findClassOnClassPathOrNull(Ljava/lang/String;)Ljava/lang/Class;+37 java.base@17.0.4.1
j  jdk.internal.loader.BuiltinClassLoader.loadClassOrNull(Ljava/lang/String;Z)Ljava/lang/Class;+111 java.base@17.0.4.1
j  jdk.internal.loader.BuiltinClassLoader.loadClass(Ljava/lang/String;Z)Ljava/lang/Class;+3 java.base@17.0.4.1
j  jdk.internal.loader.ClassLoaders$AppClassLoader.loadClass(Ljava/lang/String;Z)Ljava/lang/Class;+36 java.base@17.0.4.1
j  java.lang.ClassLoader.loadClass(Ljava/lang/String;)Ljava/lang/Class;+3 java.base@17.0.4.1
v  ~StubRoutines::call_stub
j  java.lang.Class.forName0(Ljava/lang/String;ZLjava/lang/ClassLoader;Ljava/lang/Class;)Ljava/lang/Class;+0 java.base@17.0.4.1
j  java.lang.Class.forName(Ljava/lang/String;ZLjava/lang/ClassLoader;)Ljava/lang/Class;+43 java.base@17.0.4.1
j  sun.launcher.LauncherHelper.loadMainClass(ILjava/lang/String;)Ljava/lang/Class;+95 java.base@17.0.4.1
j  sun.launcher.LauncherHelper.checkAndLoadMain(ZILjava/lang/String;)Ljava/lang/Class;+42 java.base@17.0.4.1
v  ~StubRoutines::call_stub

---------------  P R O C E S S  ---------------

Threads class SMR info:
_java_thread_list=0x000001d52946a880, length=12, elements={
0x000001d513a2fc70, 0x000001d52784c580, 0x000001d52784da10, 0x000001d52785a4d0,
0x000001d52785b080, 0x000001d52785e3e0, 0x000001d52785f670, 0x000001d527893ba0,
0x000001d527895650, 0x000001d5278967e0, 0x000001d5292f1820, 0x000001d52943da20
}

Java Threads: ( => current thread )
=>0x000001d513a2fc70 JavaThread "main" [_thread_in_vm, id=15972, stack(0x0000000d5ff00000,0x0000000d60000000)]
  0x000001d52784c580 JavaThread "Reference Handler" daemon [_thread_blocked, id=6932, stack(0x0000000d60200000,0x0000000d60300000)]
  0x000001d52784da10 JavaThread "Finalizer" daemon [_thread_blocked, id=6640, stack(0x0000000d60300000,0x0000000d60400000)]
  0x000001d52785a4d0 JavaThread "Signal Dispatcher" daemon [_thread_blocked, id=8500, stack(0x0000000d60400000,0x0000000d60500000)]
  0x000001d52785b080 JavaThread "Attach Listener" daemon [_thread_blocked, id=2824, stack(0x0000000d60500000,0x0000000d60600000)]
  0x000001d52785e3e0 JavaThread "Service Thread" daemon [_thread_blocked, id=14820, stack(0x0000000d60600000,0x0000000d60700000)]
  0x000001d52785f670 JavaThread "Monitor Deflation Thread" daemon [_thread_blocked, id=14032, stack(0x0000000d60700000,0x0000000d60800000)]
  0x000001d527893ba0 JavaThread "C2 CompilerThread0" daemon [_thread_blocked, id=13120, stack(0x0000000d60800000,0x0000000d60900000)]
  0x000001d527895650 JavaThread "C1 CompilerThread0" daemon [_thread_blocked, id=6684, stack(0x0000000d60900000,0x0000000d60a00000)]
  0x000001d5278967e0 JavaThread "Sweeper thread" daemon [_thread_blocked, id=1620, stack(0x0000000d60a00000,0x0000000d60b00000)]
  0x000001d5292f1820 JavaThread "Common-Cleaner" daemon [_thread_blocked, id=9436, stack(0x0000000d60b00000,0x0000000d60c00000)]
  0x000001d52943da20 JavaThread "Notification Thread" daemon [_thread_blocked, id=7592, stack(0x0000000d60c00000,0x0000000d60d00000)]

Other Threads:
  0x000001d527834530 VMThread "VM Thread" [stack: 0x0000000d60100000,0x0000000d60200000] [id=13900]
  0x000001d52945c460 WatcherThread [stack: 0x0000000d60d00000,0x0000000d60e00000] [id=17264]
  0x000001d513a44430 GCTaskThread "GC Thread#0" [stack: 0x0000000d60000000,0x0000000d60100000] [id=12896]

Threads with active compile tasks:

VM state: not at safepoint (normal execution)

VM Mutex/Monitor currently owned by a thread:  ([mutex/lock_event])
[0x000001d511854800] Metaspace_lock - owner thread: 0x000001d513a2fc70

Heap address: 0x00000000c0000000, size: 1024 MB, Compressed Oops mode: 32-bit

CDS archive(s) not mapped
Compressed class space mapped at: 0x0000000100000000-0x0000000140000000, reserved size: 1073741824
Narrow klass base: 0x0000000000000000, Narrow klass shift: 3, Narrow klass range: 0x140000000

GC Precious Log:
 CPUs: 4 total, 4 available
 Memory: 32659M
 Large Page Support: Disabled
 NUMA Support: Disabled
 Compressed Oops: Enabled (32-bit)
 Alignments: Space 512K, Generation 512K, Heap 2M
 Heap Min Capacity: 100M
 Heap Initial Capacity: 100M
 Heap Max Capacity: 1G
 Pre-touch: Disabled
 Parallel Workers: 4

Heap:
 PSYoungGen      total 29696K, used 8283K [0x00000000eab00000, 0x00000000ecc00000, 0x0000000100000000)
  eden space 25600K, 32% used [0x00000000eab00000,0x00000000eb316cd0,0x00000000ec400000)
  from space 4096K, 0% used [0x00000000ec800000,0x00000000ec800000,0x00000000ecc00000)
  to   space 4096K, 0% used [0x00000000ec400000,0x00000000ec400000,0x00000000ec800000)
 ParOldGen       total 68608K, used 0K [0x00000000c0000000, 0x00000000c4300000, 0x00000000eab00000)
  object space 68608K, 0% used [0x00000000c0000000,0x00000000c0000000,0x00000000c4300000)
 Metaspace       used 6707K, committed 6784K, reserved 1056768K
  class space    used 653K, committed 704K, reserved 1048576K

Card table byte_map: [0x000001d5133f0000,0x000001d513600000] _byte_map_base: 0x000001d512df0000

Marking Bits: (ParMarkBitMap*) 0x00007ffd475d2cc0
 Begin Bits: [0x000001d5256d0000, 0x000001d5266d0000)
 End Bits:   [0x000001d5266d0000, 0x000001d5276d0000)

Polling page: 0x000001d511800000

Metaspace:

Usage:
  Non-class:      5.91 MB used.
      Class:    653.38 KB used.
       Both:      6.55 MB used.

Virtual space:
  Non-class space:        8.00 MB reserved,       5.94 MB ( 74%) committed,  1 nodes.
      Class space:        1.00 GB reserved,     704.00 KB ( <1%) committed,  1 nodes.
             Both:        1.01 GB reserved,       6.62 MB ( <1%) committed. 

Chunk freelists:
   Non-Class:  2.02 MB
       Class:  3.22 MB
        Both:  5.23 MB

MaxMetaspaceSize: unlimited
CompressedClassSpaceSize: 1.00 GB
Initial GC threshold: 21.00 MB
Current GC threshold: 21.00 MB
CDS: off
MetaspaceReclaimPolicy: balanced
 - commit_granule_bytes: 65536.
 - commit_granule_words: 8192.
 - virtual_space_node_default_size: 1048576.
 - enlarge_chunks_in_place: 1.
 - new_chunks_are_fully_committed: 0.
 - uncommit_free_chunks: 1.
 - use_allocation_guard: 0.
 - handle_deallocations: 1.


Internal statistics:

num_allocs_failed_limit: 0.
num_arena_births: 10.
num_arena_deaths: 0.
num_vsnodes_births: 2.
num_vsnodes_deaths: 0.
num_space_committed: 106.
num_space_uncommitted: 0.
num_chunks_returned_to_freelist: 0.
num_chunks_taken_from_freelist: 35.
num_chunk_merges: 0.
num_chunk_splits: 19.
num_chunks_enlarged: 16.
num_purges: 0.
num_inconsistent_stats: 0.

CodeHeap 'non-profiled nmethods': size=120000Kb used=118Kb max_used=118Kb free=119881Kb
 bounds [0x000001d51e1a0000, 0x000001d51e410000, 0x000001d5256d0000]
CodeHeap 'profiled nmethods': size=120000Kb used=540Kb max_used=540Kb free=119459Kb
 bounds [0x000001d516c70000, 0x000001d516ee0000, 0x000001d51e1a0000]
CodeHeap 'non-nmethods': size=5760Kb used=1104Kb max_used=1117Kb free=4656Kb
 bounds [0x000001d5166d0000, 0x000001d516940000, 0x000001d516c70000]
 total_blobs=791 nmethods=408 adapters=298
 compilation: enabled
              stopped_count=0, restarted_count=0
 full_count=0

Compilation events (20 events):
Event: 0.579 Thread 0x000001d527895650 nmethod 402 0x000001d516cef310 code [0x000001d516cef4e0, 0x000001d516cef798]
Event: 0.579 Thread 0x000001d527895650  404       3       sun.security.util.KnownOIDs::register (349 bytes)
Event: 0.580 Thread 0x000001d527893ba0 nmethod 394 0x000001d51e1bc810 code [0x000001d51e1bc980, 0x000001d51e1bca18]
Event: 0.580 Thread 0x000001d527893ba0  400       4       jdk.internal.misc.Unsafe::putReferenceRelease (9 bytes)
Event: 0.581 Thread 0x000001d527893ba0 nmethod 400 0x000001d51e1bcb10 code [0x000001d51e1bcc80, 0x000001d51e1bcd18]
Event: 0.581 Thread 0x000001d527893ba0  405       4       java.util.concurrent.ConcurrentHashMap::tabAt (22 bytes)
Event: 0.582 Thread 0x000001d527893ba0 nmethod 405 0x000001d51e1bce10 code [0x000001d51e1bcf80, 0x000001d51e1bcfd8]
Event: 0.582 Thread 0x000001d527893ba0  398       4       java.lang.String::isLatin1 (19 bytes)
Event: 0.582 Thread 0x000001d527895650 nmethod 404 0x000001d516cef890 code [0x000001d516cefdc0, 0x000001d516cf20f8]
Event: 0.582 Thread 0x000001d527895650  406       3       java.util.HashMap::putVal (300 bytes)
Event: 0.584 Thread 0x000001d527893ba0 nmethod 398 0x000001d51e1bd110 code [0x000001d51e1bd280, 0x000001d51e1bd318]
Event: 0.584 Thread 0x000001d527893ba0  408       4       java.util.Arrays::copyOfRange (64 bytes)
Event: 0.584 Thread 0x000001d527895650 nmethod 406 0x000001d516cf2d90 code [0x000001d516cf3040, 0x000001d516cf4158]
Event: 0.584 Thread 0x000001d527895650  403       3       java.util.Objects::nonNull (10 bytes)
Event: 0.584 Thread 0x000001d527895650 nmethod 403 0x000001d516cf4610 code [0x000001d516cf47a0, 0x000001d516cf48f8]
Event: 0.584 Thread 0x000001d527895650  407       3       java.util.HashMap$EntryIterator::next (5 bytes)
Event: 0.584 Thread 0x000001d527895650 nmethod 407 0x000001d516cf4990 code [0x000001d516cf4b40, 0x000001d516cf4cc8]
Event: 0.585 Thread 0x000001d527895650  409   !   3       lombok.patcher.ScriptManager$OurClassFileTransformer::transform (364 bytes)
Event: 0.586 Thread 0x000001d527893ba0 nmethod 408 0x000001d51e1bd410 code [0x000001d51e1bd5a0, 0x000001d51e1bd8b8]
Event: 0.587 Thread 0x000001d527895650 nmethod 409 0x000001d516cf4d90 code [0x000001d516cf50e0, 0x000001d516cf6a48]

GC Heap History (0 events):
No events

Deoptimization events (10 events):
Event: 0.541 Thread 0x000001d513a2fc70 Uncommon trap: trap_request=0xffffff45 fr.pc=0x000001d51e1aeb78 relative=0x0000000000000078
Event: 0.542 Thread 0x000001d513a2fc70 Uncommon trap: reason=unstable_if action=reinterpret pc=0x000001d51e1aeb78 method=java.lang.String.isLatin1()Z @ 10 c2
Event: 0.542 Thread 0x000001d513a2fc70 DEOPT PACKING pc=0x000001d51e1aeb78 sp=0x0000000d5fffeff0
Event: 0.542 Thread 0x000001d513a2fc70 DEOPT UNPACKING pc=0x000001d5167220a3 sp=0x0000000d5fffef30 mode 2
Event: 0.556 Thread 0x000001d513a2fc70 DEOPT PACKING pc=0x000001d516ca18cc sp=0x0000000d5fffaed0
Event: 0.556 Thread 0x000001d513a2fc70 DEOPT UNPACKING pc=0x000001d516722843 sp=0x0000000d5fffa390 mode 0
Event: 0.580 Thread 0x000001d513a2fc70 Uncommon trap: trap_request=0xffffff45 fr.pc=0x000001d51e1ae054 relative=0x0000000000000674
Event: 0.580 Thread 0x000001d513a2fc70 Uncommon trap: reason=unstable_if action=reinterpret pc=0x000001d51e1ae054 method=java.util.HashMap.putVal(ILjava/lang/Object;Ljava/lang/Object;ZZ)Ljava/lang/Object; @ 181 c2
Event: 0.580 Thread 0x000001d513a2fc70 DEOPT PACKING pc=0x000001d51e1ae054 sp=0x0000000d5fffde30
Event: 0.580 Thread 0x000001d513a2fc70 DEOPT UNPACKING pc=0x000001d5167220a3 sp=0x0000000d5fffdda0 mode 2

Classes unloaded (0 events):
No events

Classes redefined (0 events):
No events

Internal exceptions (2 events):
Event: 0.248 Thread 0x000001d513a2fc70 Exception <a 'java/lang/NoSuchMethodError'{0x00000000eacb2268}: 'void java.lang.invoke.DirectMethodHandle$Holder.invokeStatic(java.lang.Object, java.lang.Object, java.lang.Object)'> (0x00000000eacb2268) 
thrown [s\src\hotspot\share\interpreter\linkResolver.cpp, line 759]
Event: 0.458 Thread 0x000001d513a2fc70 Exception <a 'java/lang/reflect/InvocationTargetException'{0x00000000eaf77fa0}> (0x00000000eaf77fa0) 
thrown [s\src\hotspot\share\runtime\reflection.cpp, line 1121]

VM Operations (4 events):
Event: 0.256 Executing VM operation: HandshakeAllThreads
Event: 0.256 Executing VM operation: HandshakeAllThreads done
Event: 0.384 Executing VM operation: HandshakeAllThreads
Event: 0.384 Executing VM operation: HandshakeAllThreads done

Events (20 events):
Event: 0.582 loading class java/util/Collections$EmptyIterator done
Event: 0.583 loading class sun/security/pkcs/PKCS7
Event: 0.584 loading class sun/security/pkcs/PKCS7 done
Event: 0.584 loading class sun/security/util/DerInputStream
Event: 0.585 loading class sun/security/util/DerInputStream done
Event: 0.585 loading class sun/security/pkcs/ContentInfo
Event: 0.586 loading class sun/security/pkcs/ContentInfo done
Event: 0.586 loading class sun/security/util/ObjectIdentifier
Event: 0.587 loading class sun/security/util/ObjectIdentifier done
Event: 0.587 loading class sun/security/util/DerValue
Event: 0.587 loading class sun/security/util/DerValue done
Event: 0.587 loading class sun/security/util/DerOutputStream
Event: 0.588 loading class sun/security/util/DerEncoder
Event: 0.588 loading class sun/security/util/DerEncoder done
Event: 0.588 loading class sun/security/util/DerOutputStream done
Event: 0.588 loading class sun/security/util/ByteArrayLexOrder
Event: 0.588 loading class sun/security/util/ByteArrayLexOrder done
Event: 0.588 loading class sun/security/util/ByteArrayTagOrder
Event: 0.588 loading class sun/security/util/ByteArrayTagOrder done
Event: 0.588 loading class java/math/BigInteger


Dynamic libraries:
0x00007ff72c830000 - 0x00007ff72c83e000 	c:\Users\user\.vscode\extensions\redhat.java-1.11.0-win32-x64\jre\17.0.4.1-win32-x86_64\bin\java.exe
0x00007ffd7dd10000 - 0x00007ffd7df08000 	C:\WINDOWS\SYSTEM32\ntdll.dll
0x00007ffd7c560000 - 0x00007ffd7c61d000 	C:\WINDOWS\System32\KERNEL32.DLL
0x00007ffd7ba00000 - 0x00007ffd7bcce000 	C:\WINDOWS\System32\KERNELBASE.dll
0x00007ffd7b690000 - 0x00007ffd7b790000 	C:\WINDOWS\System32\ucrtbase.dll
0x00007ffd76a20000 - 0x00007ffd76a39000 	c:\Users\user\.vscode\extensions\redhat.java-1.11.0-win32-x64\jre\17.0.4.1-win32-x86_64\bin\VCRUNTIME140.dll
0x00007ffd73960000 - 0x00007ffd73978000 	c:\Users\user\.vscode\extensions\redhat.java-1.11.0-win32-x64\jre\17.0.4.1-win32-x86_64\bin\jli.dll
0x00007ffd7d020000 - 0x00007ffd7d1c0000 	C:\WINDOWS\System32\USER32.dll
0x00007ffd7b9d0000 - 0x00007ffd7b9f2000 	C:\WINDOWS\System32\win32u.dll
0x00007ffd7cdc0000 - 0x00007ffd7cdea000 	C:\WINDOWS\System32\GDI32.dll
0x00007ffd68020000 - 0x00007ffd682ba000 	C:\WINDOWS\WinSxS\amd64_microsoft.windows.common-controls_6595b64144ccf1df_6.0.19041.1110_none_60b5254171f9507e\COMCTL32.dll
0x00007ffd7b800000 - 0x00007ffd7b90b000 	C:\WINDOWS\System32\gdi32full.dll
0x00007ffd7cba0000 - 0x00007ffd7cc3e000 	C:\WINDOWS\System32\msvcrt.dll
0x00007ffd7bcd0000 - 0x00007ffd7bd6d000 	C:\WINDOWS\System32\msvcp_win.dll
0x00007ffd7cff0000 - 0x00007ffd7d020000 	C:\WINDOWS\System32\IMM32.DLL
0x00007ffd741c0000 - 0x00007ffd741cc000 	c:\Users\user\.vscode\extensions\redhat.java-1.11.0-win32-x64\jre\17.0.4.1-win32-x86_64\bin\vcruntime140_1.dll
0x00007ffd539d0000 - 0x00007ffd53a61000 	c:\Users\user\.vscode\extensions\redhat.java-1.11.0-win32-x64\jre\17.0.4.1-win32-x86_64\bin\msvcp140.dll
0x00007ffd46a50000 - 0x00007ffd47696000 	c:\Users\user\.vscode\extensions\redhat.java-1.11.0-win32-x64\jre\17.0.4.1-win32-x86_64\bin\server\jvm.dll
0x00007ffd7c7d0000 - 0x00007ffd7c87e000 	C:\WINDOWS\System32\ADVAPI32.dll
0x00007ffd7bd70000 - 0x00007ffd7be0c000 	C:\WINDOWS\System32\sechost.dll
0x00007ffd7c990000 - 0x00007ffd7cab5000 	C:\WINDOWS\System32\RPCRT4.dll
0x00007ffd7c970000 - 0x00007ffd7c978000 	C:\WINDOWS\System32\PSAPI.DLL
0x00007ffd79b50000 - 0x00007ffd79b59000 	C:\WINDOWS\SYSTEM32\WSOCK32.dll
0x00007ffd68450000 - 0x00007ffd68477000 	C:\WINDOWS\SYSTEM32\WINMM.dll
0x00007ffd7c620000 - 0x00007ffd7c68b000 	C:\WINDOWS\System32\WS2_32.dll
0x00007ffd70110000 - 0x00007ffd7011a000 	C:\WINDOWS\SYSTEM32\VERSION.dll
0x00007ffd79c70000 - 0x00007ffd79c82000 	C:\WINDOWS\SYSTEM32\kernel.appcore.dll
0x00007ffd73950000 - 0x00007ffd7395a000 	c:\Users\user\.vscode\extensions\redhat.java-1.11.0-win32-x64\jre\17.0.4.1-win32-x86_64\bin\jimage.dll
0x00007ffd79940000 - 0x00007ffd79b24000 	C:\WINDOWS\SYSTEM32\DBGHELP.DLL
0x00007ffd661f0000 - 0x00007ffd6621c000 	C:\WINDOWS\SYSTEM32\dbgcore.DLL
0x00007ffd7b940000 - 0x00007ffd7b9c2000 	C:\WINDOWS\System32\bcryptPrimitives.dll
0x00007ffd73940000 - 0x00007ffd7394e000 	c:\Users\user\.vscode\extensions\redhat.java-1.11.0-win32-x64\jre\17.0.4.1-win32-x86_64\bin\instrument.dll
0x00007ffd732c0000 - 0x00007ffd732e5000 	c:\Users\user\.vscode\extensions\redhat.java-1.11.0-win32-x64\jre\17.0.4.1-win32-x86_64\bin\java.dll
0x00007ffd73390000 - 0x00007ffd733a8000 	c:\Users\user\.vscode\extensions\redhat.java-1.11.0-win32-x64\jre\17.0.4.1-win32-x86_64\bin\zip.dll
0x00007ffd7d220000 - 0x00007ffd7d963000 	C:\WINDOWS\System32\SHELL32.dll
0x00007ffd790d0000 - 0x00007ffd79865000 	C:\WINDOWS\SYSTEM32\windows.storage.dll
0x00007ffd7d970000 - 0x00007ffd7dcc4000 	C:\WINDOWS\System32\combase.dll
0x00007ffd7ace0000 - 0x00007ffd7ad10000 	C:\WINDOWS\SYSTEM32\Wldp.dll
0x00007ffd7cf40000 - 0x00007ffd7cfed000 	C:\WINDOWS\System32\SHCORE.dll
0x00007ffd7c880000 - 0x00007ffd7c8d5000 	C:\WINDOWS\System32\shlwapi.dll
0x00007ffd7b370000 - 0x00007ffd7b38f000 	C:\WINDOWS\SYSTEM32\profapi.dll
0x00007ffd6b490000 - 0x00007ffd6b4a9000 	C:\Users\user\.vscode\extensions\redhat.java-1.11.0-win32-x64\jre\17.0.4.1-win32-x86_64\bin\net.dll
0x00007ffd6ffb0000 - 0x00007ffd700ba000 	C:\WINDOWS\SYSTEM32\WINHTTP.dll
0x00007ffd7aac0000 - 0x00007ffd7ab2a000 	C:\WINDOWS\system32\mswsock.dll
0x00007ffd67cb0000 - 0x00007ffd67cc5000 	C:\Users\user\.vscode\extensions\redhat.java-1.11.0-win32-x64\jre\17.0.4.1-win32-x86_64\bin\nio.dll
0x00007ffd6b2d0000 - 0x00007ffd6b2e0000 	c:\Users\user\.vscode\extensions\redhat.java-1.11.0-win32-x64\jre\17.0.4.1-win32-x86_64\bin\verify.dll

dbghelp: loaded successfully - version: 4.0.5 - missing functions: none
symbol engine: initialized successfully - sym options: 0x614 - pdb path: .;c:\Users\user\.vscode\extensions\redhat.java-1.11.0-win32-x64\jre\17.0.4.1-win32-x86_64\bin;C:\WINDOWS\SYSTEM32;C:\WINDOWS\WinSxS\amd64_microsoft.windows.common-controls_6595b64144ccf1df_6.0.19041.1110_none_60b5254171f9507e;c:\Users\user\.vscode\extensions\redhat.java-1.11.0-win32-x64\jre\17.0.4.1-win32-x86_64\bin\server

VM Arguments:
jvm_args: --add-modules=ALL-SYSTEM --add-opens=java.base/java.util=ALL-UNNAMED --add-opens=java.base/java.lang=ALL-UNNAMED --add-opens=java.base/sun.nio.fs=ALL-UNNAMED -Declipse.application=org.eclipse.jdt.ls.core.id1 -Dosgi.bundles.defaultStartLevel=4 -Declipse.product=org.eclipse.jdt.ls.core.product -Djava.import.generatesMetadataFilesAtProjectRoot=false -Dfile.encoding=utf8 -DwatchParentProcess=false -XX:+UseParallelGC -XX:GCTimeRatio=4 -XX:AdaptiveSizePolicyWeight=90 -Dsun.zip.disableMemoryMapping=true -Xmx1G -Xms100m -Xlog:disable -javaagent:c:\Users\user\.vscode\extensions\redhat.java-1.11.0-win32-x64\lombok\lombok-1.18.24.jar 
java_command: c:\Users\user\.vscode\extensions\redhat.java-1.11.0-win32-x64\server\plugins\org.eclipse.equinox.launcher_1.6.400.v20210924-0641.jar -configuration c:\Users\user\AppData\Roaming\Code\User\globalStorage\redhat.java\1.11.0\config_ss_win -data c:\Users\user\AppData\Roaming\Code\User\workspaceStorage\9790c16ee2546c27d83f4d82dc65016d\redhat.java\ss_ws
java_class_path (initial): c:\Users\user\.vscode\extensions\redhat.java-1.11.0-win32-x64\server\plugins\org.eclipse.equinox.launcher_1.6.400.v20210924-0641.jar
Launcher Type: SUN_STANDARD

[Global flags]
    uintx AdaptiveSizePolicyWeight                 = 90                                        {product} {command line}
     intx CICompilerCount                          = 3                                         {product} {ergonomic}
    uintx GCTimeRatio                              = 4                                         {product} {command line}
   size_t InitialHeapSize                          = 104857600                                 {product} {command line}
   size_t MaxHeapSize                              = 1073741824                                {product} {command line}
   size_t MaxNewSize                               = 357564416                                 {product} {ergonomic}
   size_t MinHeapDeltaBytes                        = 524288                                    {product} {ergonomic}
   size_t MinHeapSize                              = 104857600                                 {product} {command line}
   size_t NewSize                                  = 34603008                                  {product} {ergonomic}
    uintx NonNMethodCodeHeapSize                   = 5832780                                {pd product} {ergonomic}
    uintx NonProfiledCodeHeapSize                  = 122912730                              {pd product} {ergonomic}
   size_t OldSize                                  = 70254592                                  {product} {ergonomic}
    uintx ProfiledCodeHeapSize                     = 122912730                              {pd product} {ergonomic}
    uintx ReservedCodeCacheSize                    = 251658240                              {pd product} {ergonomic}
     bool SegmentedCodeCache                       = true                                      {product} {ergonomic}
   size_t SoftMaxHeapSize                          = 1073741824                             {manageable} {ergonomic}
     bool UseCompressedClassPointers               = true                           {product lp64_product} {ergonomic}
     bool UseCompressedOops                        = true                           {product lp64_product} {ergonomic}
     bool UseLargePagesIndividualAllocation        = false                                  {pd product} {ergonomic}
     bool UseParallelGC                            = true                                      {product} {command line}

Logging:
Log output configuration:
 #0: stdout all=off uptime,level,tags
 #1: stderr all=off uptime,level,tags

Environment Variables:
JAVA_HOME=C:\Users\user\AppData\Local\Programs\Eclipse Adoptium\jdk-17.0.3.7-hotspot\
PATH=C:\Program Files\Google\Chrome\Application;C:\WINDOWS\system32;C:\WINDOWS;C:\WINDOWS\System32\Wbem;C:\WINDOWS\System32\WindowsPowerShell\v1.0\;C:\WINDOWS\System32\OpenSSH\;C:\Program Files\nodejs\;C:\Program Files\Git\cmd;C:\Users\user\AppData\Local\Programs\Eclipse Adoptium\jdk-17.0.3.7-hotspot\bin;C:\Users\user\AppData\Local\Microsoft\WindowsApps;C:\Users\user\AppData\Local\GitHubDesktop\bin;C:\Users\user\AppData\Local\Programs\Microsoft VS Code\bin;C:\Users\user\AppData\Roaming\npm;C:\Program Files\JetBrains\IntelliJ IDEA Community Edition 2022.2.2\bin;
USERNAME=monir
OS=Windows_NT
PROCESSOR_IDENTIFIER=Intel64 Family 6 Model 78 Stepping 3, GenuineIntel
TMP=C:\Users\user\AppData\Local\Temp
TEMP=C:\Users\user\AppData\Local\Temp



---------------  S Y S T E M  ---------------

OS:
 Windows 10 , 64 bit Build 19041 (10.0.19041.1889)
OS uptime: 2 days 22:32 hours
Hyper-V role detected

CPU: total 4 (initial active 4) (2 cores per cpu, 2 threads per core) family 6 model 78 stepping 3 microcode 0xcc, cx8, cmov, fxsr, ht, mmx, 3dnowpref, sse, sse2, sse3, ssse3, sse4.1, sse4.2, popcnt, lzcnt, tsc, tscinvbit, avx, avx2, aes, erms, clmul, bmi1, bmi2, adx, fma, vzeroupper, clflush, clflushopt, hv

Memory: 4k page, system-wide physical 32659M (117M free)
TotalPageFile size 62329M (AvailPageFile size 0M)
current process WorkingSet (physical memory assigned to process): 41M, peak: 41M
current process commit charge ("private bytes"): 175M, peak: 175M

vm_info: OpenJDK 64-Bit Server VM (17.0.4.1+1) for windows-amd64 JRE (17.0.4.1+1), built on Aug 17 2022 07:42:43 by "temurin" with MS VC++ 16.7 (VS2019)

END.
